Log file opened on Thu Jun  9 16:05:14 2016
Host: comet-22-10.sdsc.edu  pid: 14778  rank ID: 0  number of ranks:  48
                   :-) GROMACS - gmx mdrun, VERSION 5.1.2 (-:

                            GROMACS is written by:
     Emile Apol      Rossen Apostolov  Herman J.C. Berendsen    Par Bjelkmar   
 Aldert van Buuren   Rudi van Drunen     Anton Feenstra   Sebastian Fritsch 
  Gerrit Groenhof   Christoph Junghans   Anca Hamuraru    Vincent Hindriksen
 Dimitrios Karkoulis    Peter Kasson        Jiri Kraus      Carsten Kutzner  
    Per Larsson      Justin A. Lemkul   Magnus Lundborg   Pieter Meulenhoff 
   Erik Marklund      Teemu Murtola       Szilard Pall       Sander Pronk   
   Roland Schulz     Alexey Shvetsov     Michael Shirts     Alfons Sijbers  
   Peter Tieleman    Teemu Virolainen  Christian Wennberg    Maarten Wolf   
                           and the project leaders:
        Mark Abraham, Berk Hess, Erik Lindahl, and David van der Spoel

Copyright (c) 1991-2000, University of Groningen, The Netherlands.
Copyright (c) 2001-2015, The GROMACS development team at
Uppsala University, Stockholm University and
the Royal Institute of Technology, Sweden.
check out http://www.gromacs.org for more information.

GROMACS is free software; you can redistribute it and/or modify it
under the terms of the GNU Lesser General Public License
as published by the Free Software Foundation; either version 2.1
of the License, or (at your option) any later version.

GROMACS:      gmx mdrun, VERSION 5.1.2
Executable:   /opt/gromacs/bin/gmx_mpi.real
Data prefix:  /opt/gromacs
Command line:
  gmx_mpi.real mdrun

GROMACS version:    VERSION 5.1.2
Precision:          single
Memory model:       64 bit
MPI library:        MPI
OpenMP support:     enabled (GMX_OPENMP_MAX_THREADS = 32)
GPU support:        enabled
OpenCL support:     disabled
invsqrt routine:    gmx_software_invsqrt(x)
SIMD instructions:  AVX2_256
FFT library:        fftw-3.3.4-sse2-avx
RDTSCP usage:       enabled
C++11 compilation:  disabled
TNG support:        enabled
Tracing support:    disabled
Built on:           Thu May 26 23:14:03 PDT 2016
Built by:           root@comet-01-65.local [CMAKE]
Build OS/arch:      Linux 2.6.32-573.12.1.el6.x86_64 x86_64
Build CPU vendor:   GenuineIntel
Build CPU brand:    Intel(R) Xeon(R) CPU E5-2680 v3 @ 2.50GHz
Build CPU family:   6   Model: 63   Stepping: 2
Build CPU features: aes apic avx avx2 clfsh cmov cx8 cx16 f16c fma htt lahf_lm mmx msr nonstop_tsc pcid pclmuldq pdcm pdpe1gb popcnt pse rdrnd rdtscp sse2 sse3 sse4.1 sse4.2 ssse3 tdt x2apic
C compiler:         /opt/openmpi/intel/ib/bin/mpicc Intel 15.0.2.20150121
C compiler flags:    -march=core-avx2    -std=gnu99 -w3 -wd177 -wd271 -wd304 -wd383 -wd424 -wd444 -wd522 -wd593 -wd869 -wd981 -wd1418 -wd1419 -wd1572 -wd1599 -wd2259 -wd2415 -wd2547 -wd2557 -wd3280 -wd3346 -wd11074 -wd11076  -O3 -DNDEBUG -ip -funroll-all-loops -alias-const -ansi-alias  
C++ compiler:       /opt/openmpi/intel/ib/bin/mpicxx Intel 15.0.2.20150121
C++ compiler flags:  -march=core-avx2    -w3 -wd177 -wd271 -wd304 -wd383 -wd424 -wd444 -wd522 -wd593 -wd869 -wd981 -wd1418 -wd1419 -wd1572 -wd1599 -wd2259 -wd2415 -wd2547 -wd2557 -wd3280 -wd3346 -wd11074 -wd11076 -wd1782 -wd2282  -O3 -DNDEBUG -ip -funroll-all-loops -alias-const -ansi-alias  
Boost version:      1.55.0 (internal)
CUDA compiler:      /usr/local/cuda-7.0/bin/nvcc nvcc: NVIDIA (R) Cuda compiler driver;Copyright (c) 2005-2015 NVIDIA Corporation;Built on Mon_Feb_16_22:59:02_CST_2015;Cuda compilation tools, release 7.0, V7.0.27
CUDA compiler flags:-gencode;arch=compute_20,code=sm_20;-gencode;arch=compute_30,code=sm_30;-gencode;arch=compute_35,code=sm_35;-gencode;arch=compute_37,code=sm_37;-gencode;arch=compute_50,code=sm_50;-gencode;arch=compute_52,code=sm_52;-gencode;arch=compute_52,code=compute_52;-use_fast_math;-Xcompiler;-gcc-version=450; ;-march=core-avx2;-w3;-wd177;-wd271;-wd304;-wd383;-wd424;-wd444;-wd522;-wd593;-wd869;-wd981;-wd1418;-wd1419;-wd1572;-wd1599;-wd2259;-wd2415;-wd2547;-wd2557;-wd3280;-wd3346;-wd11074;-wd11076;-wd1782;-wd2282;-O3;-DNDEBUG;-ip;-funroll-all-loops;-alias-const;-ansi-alias;
CUDA driver:        7.0
CUDA runtime:       0.0


Number of logical cores detected (24) does not match the number reported by OpenMP (1).
Consider setting the launch configuration manually!

NOTE: Error occurred during GPU detection:
      no CUDA-capable device is detected
      Can not use GPU acceleration, will fall back to CPU kernels.


Running on 2 nodes with total 48 cores, 48 logical cores, 0 compatible GPUs
  Cores per node:           24
  Logical cores per node:   24
  Compatible GPUs per node:  0
Hardware detected on host comet-22-10.sdsc.edu (the node of MPI rank 0):
  CPU info:
    Vendor: GenuineIntel
    Brand:  Intel(R) Xeon(R) CPU E5-2680 v3 @ 2.50GHz
    Family:  6  model: 63  stepping:  2
    CPU features: aes apic avx avx2 clfsh cmov cx8 cx16 f16c fma htt lahf_lm mmx msr nonstop_tsc pcid pclmuldq pdcm pdpe1gb popcnt pse rdrnd rdtscp sse2 sse3 sse4.1 sse4.2 ssse3 tdt x2apic
    SIMD instructions most likely to fit this hardware: AVX2_256
    SIMD instructions selected at GROMACS compile time: AVX2_256


++++ PLEASE READ AND CITE THE FOLLOWING REFERENCE ++++
M. J. Abraham, T. Murtola, R. Schulz, S. Páll, J. C. Smith, B. Hess, E.
Lindahl
GROMACS: High performance molecular simulations through multi-level
parallelism from laptops to supercomputers
SoftwareX 1 (2015) pp. 19-25
-------- -------- --- Thank You --- -------- --------


++++ PLEASE READ AND CITE THE FOLLOWING REFERENCE ++++
S. Páll, M. J. Abraham, C. Kutzner, B. Hess, E. Lindahl
Tackling Exascale Software Challenges in Molecular Dynamics Simulations with
GROMACS
In S. Markidis & E. Laure (Eds.), Solving Software Challenges for Exascale 8759 (2015) pp. 3-27
-------- -------- --- Thank You --- -------- --------


++++ PLEASE READ AND CITE THE FOLLOWING REFERENCE ++++
S. Pronk, S. Páll, R. Schulz, P. Larsson, P. Bjelkmar, R. Apostolov, M. R.
Shirts, J. C. Smith, P. M. Kasson, D. van der Spoel, B. Hess, and E. Lindahl
GROMACS 4.5: a high-throughput and highly parallel open source molecular
simulation toolkit
Bioinformatics 29 (2013) pp. 845-54
-------- -------- --- Thank You --- -------- --------


++++ PLEASE READ AND CITE THE FOLLOWING REFERENCE ++++
B. Hess and C. Kutzner and D. van der Spoel and E. Lindahl
GROMACS 4: Algorithms for highly efficient, load-balanced, and scalable
molecular simulation
J. Chem. Theory Comput. 4 (2008) pp. 435-447
-------- -------- --- Thank You --- -------- --------


++++ PLEASE READ AND CITE THE FOLLOWING REFERENCE ++++
D. van der Spoel, E. Lindahl, B. Hess, G. Groenhof, A. E. Mark and H. J. C.
Berendsen
GROMACS: Fast, Flexible and Free
J. Comp. Chem. 26 (2005) pp. 1701-1719
-------- -------- --- Thank You --- -------- --------


++++ PLEASE READ AND CITE THE FOLLOWING REFERENCE ++++
E. Lindahl and B. Hess and D. van der Spoel
GROMACS 3.0: A package for molecular simulation and trajectory analysis
J. Mol. Mod. 7 (2001) pp. 306-317
-------- -------- --- Thank You --- -------- --------


++++ PLEASE READ AND CITE THE FOLLOWING REFERENCE ++++
H. J. C. Berendsen, D. van der Spoel and R. van Drunen
GROMACS: A message-passing parallel molecular dynamics implementation
Comp. Phys. Comm. 91 (1995) pp. 43-56
-------- -------- --- Thank You --- -------- --------

Input Parameters:
   integrator                     = md
   tinit                          = 0
   dt                             = 0.002
   nsteps                         = 10000
   init-step                      = 0
   simulation-part                = 1
   comm-mode                      = Linear
   nstcomm                        = 100
   bd-fric                        = 0
   ld-seed                        = 117895909
   emtol                          = 10
   emstep                         = 0.01
   niter                          = 20
   fcstep                         = 0
   nstcgsteep                     = 1000
   nbfgscorr                      = 10
   rtpi                           = 0.05
   nstxout                        = 0
   nstvout                        = 0
   nstfout                        = 0
   nstlog                         = 5000
   nstcalcenergy                  = 100
   nstenergy                      = 0
   nstxout-compressed             = 0
   compressed-x-precision         = 1000
   cutoff-scheme                  = Verlet
   nstlist                        = 20
   ns-type                        = Grid
   pbc                            = xyz
   periodic-molecules             = FALSE
   verlet-buffer-tolerance        = 0.005
   rlist                          = 1.041
   rlistlong                      = 1.041
   nstcalclr                      = 20
   coulombtype                    = PME
   coulomb-modifier               = Potential-shift
   rcoulomb-switch                = 0
   rcoulomb                       = 1
   epsilon-r                      = 1
   epsilon-rf                     = inf
   vdw-type                       = PME
   vdw-modifier                   = Potential-shift
   rvdw-switch                    = 0
   rvdw                           = 1
   DispCorr                       = No
   table-extension                = 1
   fourierspacing                 = 0.1
   fourier-nx                     = 52
   fourier-ny                     = 52
   fourier-nz                     = 52
   pme-order                      = 4
   ewald-rtol                     = 1e-05
   ewald-rtol-lj                  = 0.001
   lj-pme-comb-rule               = Geometric
   ewald-geometry                 = 0
   epsilon-surface                = 0
   implicit-solvent               = No
   gb-algorithm                   = Still
   nstgbradii                     = 1
   rgbradii                       = 1
   gb-epsilon-solvent             = 80
   gb-saltconc                    = 0
   gb-obc-alpha                   = 1
   gb-obc-beta                    = 0.8
   gb-obc-gamma                   = 4.85
   gb-dielectric-offset           = 0.009
   sa-algorithm                   = Ace-approximation
   sa-surface-tension             = 2.05016
   tcoupl                         = V-rescale
   nsttcouple                     = 20
   nh-chain-length                = 0
   print-nose-hoover-chain-variables = FALSE
   pcoupl                         = No
   pcoupltype                     = Isotropic
   nstpcouple                     = -1
   tau-p                          = 1
   compressibility (3x3):
      compressibility[    0]={ 0.00000e+00,  0.00000e+00,  0.00000e+00}
      compressibility[    1]={ 0.00000e+00,  0.00000e+00,  0.00000e+00}
      compressibility[    2]={ 0.00000e+00,  0.00000e+00,  0.00000e+00}
   ref-p (3x3):
      ref-p[    0]={ 0.00000e+00,  0.00000e+00,  0.00000e+00}
      ref-p[    1]={ 0.00000e+00,  0.00000e+00,  0.00000e+00}
      ref-p[    2]={ 0.00000e+00,  0.00000e+00,  0.00000e+00}
   refcoord-scaling               = No
   posres-com (3):
      posres-com[0]= 0.00000e+00
      posres-com[1]= 0.00000e+00
      posres-com[2]= 0.00000e+00
   posres-comB (3):
      posres-comB[0]= 0.00000e+00
      posres-comB[1]= 0.00000e+00
      posres-comB[2]= 0.00000e+00
   QMMM                           = FALSE
   QMconstraints                  = 0
   QMMMscheme                     = 0
   MMChargeScaleFactor            = 1
qm-opts:
   ngQM                           = 0
   constraint-algorithm           = Lincs
   continuation                   = FALSE
   Shake-SOR                      = FALSE
   shake-tol                      = 0.0001
   lincs-order                    = 4
   lincs-iter                     = 1
   lincs-warnangle                = 30
   nwall                          = 0
   wall-type                      = 9-3
   wall-r-linpot                  = -1
   wall-atomtype[0]               = -1
   wall-atomtype[1]               = -1
   wall-density[0]                = 0
   wall-density[1]                = 0
   wall-ewald-zfac                = 3
   pull                           = FALSE
   rotation                       = FALSE
   interactiveMD                  = FALSE
   disre                          = No
   disre-weighting                = Conservative
   disre-mixed                    = FALSE
   dr-fc                          = 1000
   dr-tau                         = 0
   nstdisreout                    = 100
   orire-fc                       = 0
   orire-tau                      = 0
   nstorireout                    = 100
   free-energy                    = no
   cos-acceleration               = 0
   deform (3x3):
      deform[    0]={ 0.00000e+00,  0.00000e+00,  0.00000e+00}
      deform[    1]={ 0.00000e+00,  0.00000e+00,  0.00000e+00}
      deform[    2]={ 0.00000e+00,  0.00000e+00,  0.00000e+00}
   simulated-tempering            = FALSE
   E-x:
      n = 0
   E-xt:
      n = 0
   E-y:
      n = 0
   E-yt:
      n = 0
   E-z:
      n = 0
   E-zt:
      n = 0
   swapcoords                     = no
   adress                         = FALSE
   userint1                       = 0
   userint2                       = 0
   userint3                       = 0
   userint4                       = 0
   userreal1                      = 0
   userreal2                      = 0
   userreal3                      = 0
   userreal4                      = 0
grpopts:
   nrdf:       28510
   ref-t:         355
   tau-t:           2
annealing:          No
annealing-npoints:           0
   acc:	           0           0           0
   nfreeze:           N           N           N
   energygrp-flags[  0]: 0


Initializing Domain Decomposition on 48 ranks
Dynamic load balancing: auto
Will sort the charge groups at every domain (re)decomposition
Initial maximum inter charge-group distances:
    two-body bonded interactions: 0.420 nm, LJ-14, atoms 197 205
  multi-body bonded interactions: 0.420 nm, Proper Dih., atoms 197 205
Minimum cell size due to bonded interactions: 0.462 nm
Maximum distance for 5 constraints, at 120 deg. angles, all-trans: 0.218 nm
Estimated maximum distance required for P-LINCS: 0.218 nm
Guess for relative PME load: 0.37
Will use 30 particle-particle and 18 PME only ranks
This is a guess, check the performance at the end of the log file
Using 18 separate PME ranks, as guessed by mdrun
Scaling the initial minimum size with 1/0.8 (option -dds) = 1.25
Optimizing the DD grid for 30 cells with a minimum initial size of 0.578 nm
The maximum allowed number of cells is: X 8 Y 8 Z 8
Domain decomposition grid 6 x 5 x 1, separate PME ranks 18
PME domain decomposition: 6 x 3 x 1
Interleaving PP and PME ranks
This rank does only particle-particle work.

Domain decomposition rank 0, coordinates 0 0 0

Using two step summing over 2 groups of on average 15.0 ranks

Using 48 MPI processes
Using 1 OpenMP thread per MPI process

Will do PME sum in reciprocal space for electrostatic interactions.

++++ PLEASE READ AND CITE THE FOLLOWING REFERENCE ++++
U. Essmann, L. Perera, M. L. Berkowitz, T. Darden, H. Lee and L. G. Pedersen 
A smooth particle mesh Ewald method
J. Chem. Phys. 103 (1995) pp. 8577-8592
-------- -------- --- Thank You --- -------- --------

Will do ordinary reciprocal space Ewald sum.
Using a Gaussian width (1/beta) of 0.320163 nm for Ewald
Will do PME sum in reciprocal space for LJ dispersion interactions.

++++ PLEASE READ AND CITE THE FOLLOWING REFERENCE ++++
U. Essmann, L. Perera, M. L. Berkowitz, T. Darden, H. Lee and L. G. Pedersen 
A smooth particle mesh Ewald method
J. Chem. Phys. 103 (1995) pp. 8577-8592
-------- -------- --- Thank You --- -------- --------

Using a Gaussian width (1/beta) of 0.298423 nm for LJ Ewald
Using shifted Lennard-Jones, switch between 0 and 1 nm
Cut-off's:   NS: 1.041   Coulomb: 1   LJ: 1
System total charge: -0.000
Generated table with 1020 data points for Ewald.
Tabscale = 500 points/nm
Generated table with 1020 data points for LJ6Ewald.
Tabscale = 500 points/nm
Generated table with 1020 data points for LJ12.
Tabscale = 500 points/nm
Generated table with 1020 data points for 1-4 COUL.
Tabscale = 500 points/nm
Generated table with 1020 data points for 1-4 LJ6.
Tabscale = 500 points/nm
Generated table with 1020 data points for 1-4 LJ12.
Tabscale = 500 points/nm
Potential shift: LJ r^-12: -1.000e+00 r^-6: -1.000e-03, Ewald -1.000e-05
Initialized non-bonded Ewald correction tables, spacing: 9.33e-04 size: 1073


Using AVX2_256 4x8 non-bonded kernels

Removing pbc first time

Non-default thread affinity set probably by the OpenMP library,
disabling internal thread affinity

Initializing Parallel LINear Constraint Solver

++++ PLEASE READ AND CITE THE FOLLOWING REFERENCE ++++
B. Hess
P-LINCS: A Parallel Linear Constraint Solver for molecular simulation
J. Chem. Theory Comput. 4 (2008) pp. 116-122
-------- -------- --- Thank You --- -------- --------

The number of constraints is 323
There are inter charge-group constraints,
will communicate selected coordinates each lincs iteration

++++ PLEASE READ AND CITE THE FOLLOWING REFERENCE ++++
S. Miyamoto and P. A. Kollman
SETTLE: An Analytical Version of the SHAKE and RATTLE Algorithms for Rigid
Water Models
J. Comp. Chem. 13 (1992) pp. 952-962
-------- -------- --- Thank You --- -------- --------


Linking all bonded interactions to atoms

The initial number of communication pulses is: X 2 Y 2
The initial domain decomposition cell size is: X 0.83 nm Y 1.00 nm

The maximum allowed distance for charge groups involved in interactions is:
                 non-bonded interactions           1.041 nm
            two-body bonded interactions  (-rdd)   1.041 nm
          multi-body bonded interactions  (-rdd)   0.833 nm
  atoms separated by up to 5 constraints  (-rcon)  0.833 nm

When dynamic load balancing gets turned on, these settings will change to:
The maximum number of communication pulses is: X 2 Y 2
The minimum size for domain decomposition cells is 0.627 nm
The requested allowed shrink of DD cells (option -dds) is: 0.80
The allowed shrink of domain decomposition cells is: X 0.75 Y 0.63
The maximum allowed distance for charge groups involved in interactions is:
                 non-bonded interactions           1.041 nm
            two-body bonded interactions  (-rdd)   1.041 nm
          multi-body bonded interactions  (-rdd)   0.627 nm
  atoms separated by up to 5 constraints  (-rcon)  0.627 nm


Making 2D domain decomposition grid 6 x 5 x 1, home cell index 0 0 0

Center of mass motion removal mode is Linear
We have the following groups for center of mass motion removal:
  0:  rest

++++ PLEASE READ AND CITE THE FOLLOWING REFERENCE ++++
G. Bussi, D. Donadio and M. Parrinello
Canonical sampling through velocity rescaling
J. Chem. Phys. 126 (2007) pp. 014101
-------- -------- --- Thank You --- -------- --------

There are: 14100 Atoms
Atom distribution over 30 domains: av 470 stddev 29 min 431 max 557

Constraining the starting coordinates (step 0)

Constraining the coordinates at t0-dt (step 0)
RMS relative constraint deviation after constraining: 0.00e+00
Initial temperature: 354.219 K

Started mdrun on rank 0 Thu Jun  9 16:05:14 2016
           Step           Time         Lambda
              0        0.00000        0.00000

   Energies (kJ/mol)
           Bond          Angle    Proper Dih.  Improper Dih.          LJ-14
    1.08865e+02    5.53911e+02    1.66193e+03    3.03505e+01    5.63376e+02
     Coulomb-14        LJ (SR)   Coulomb (SR)   Coul. recip.      LJ recip.
    1.06706e+04    5.77646e+04   -2.68759e+05    1.26161e+03   -1.69696e+04
      Potential    Kinetic En.   Total Energy  Conserved En.    Temperature
   -2.13113e+05    4.20060e+04   -1.71107e+05   -1.71107e+05    3.54413e+02
 Pressure (bar)   Constr. rmsd
    5.19142e+03    3.47261e-06

DD  step 19 load imb.: force 20.4%  pme mesh/force 1.983

step   80: timed with pme grid 52 52 52, coulomb cutoff 1.000: 36.0 M-cycles
step  120: timed with pme grid 44 44 44, coulomb cutoff 1.136: 42.4 M-cycles
step  160: timed with pme grid 48 48 48, coulomb cutoff 1.042: 34.4 M-cycles
step  200: timed with pme grid 52 52 52, coulomb cutoff 1.000: 35.8 M-cycles
              optimal pme grid 48 48 48, coulomb cutoff 1.042
At step 2000 the performance loss due to force load imbalance is 7.1 %

NOTE: Turning on dynamic load balancing

DD  step 4999  vol min/aver 0.806  load imb.: force  3.1%  pme mesh/force 0.978

           Step           Time         Lambda
           5000       10.00000        0.00000

   Energies (kJ/mol)
           Bond          Angle    Proper Dih.  Improper Dih.          LJ-14
    4.88309e+02    1.23151e+03    1.63948e+03    7.10267e+01    6.20217e+02
     Coulomb-14        LJ (SR)   Coulomb (SR)   Coul. recip.      LJ recip.
    1.07669e+04    4.25061e+04   -2.26860e+05    1.13108e+03   -1.48494e+04
      Potential    Kinetic En.   Total Energy  Conserved En.    Temperature
   -1.83255e+05    4.10939e+04   -1.42161e+05   -1.70734e+05    3.46718e+02
 Pressure (bar)   Constr. rmsd
    4.47795e+03    3.37891e-06

DD  step 9999  vol min/aver 0.809  load imb.: force  4.6%  pme mesh/force 0.951

           Step           Time         Lambda
          10000       20.00000        0.00000

Writing checkpoint, step 10000 at Thu Jun  9 16:05:26 2016


   Energies (kJ/mol)
           Bond          Angle    Proper Dih.  Improper Dih.          LJ-14
    5.24318e+02    1.32393e+03    1.69816e+03    7.55849e+01    6.03985e+02
     Coulomb-14        LJ (SR)   Coulomb (SR)   Coul. recip.      LJ recip.
    1.07757e+04    4.20723e+04   -2.24128e+05    1.20404e+03   -1.48546e+04
      Potential    Kinetic En.   Total Energy  Conserved En.    Temperature
   -1.80705e+05    4.15756e+04   -1.39129e+05   -1.70719e+05    3.50782e+02
 Pressure (bar)   Constr. rmsd
    4.92028e+03    5.11948e-06

	<======  ###############  ==>
	<====  A V E R A G E S  ====>
	<==  ###############  ======>

	Statistics over 10001 steps using 101 frames

   Energies (kJ/mol)
           Bond          Angle    Proper Dih.  Improper Dih.          LJ-14
    4.68915e+02    1.29322e+03    1.68575e+03    7.49688e+01    5.88377e+02
     Coulomb-14        LJ (SR)   Coulomb (SR)   Coul. recip.      LJ recip.
    1.07527e+04    4.38281e+04   -2.30367e+05    1.07613e+03   -1.48327e+04
      Potential    Kinetic En.   Total Energy  Conserved En.    Temperature
   -1.85431e+05    3.91088e+04   -1.46323e+05   -1.70732e+05    3.29969e+02
 Pressure (bar)   Constr. rmsd
    4.56586e+03    0.00000e+00

   Total Virial (kJ/mol)
   -4.27636e+03    1.17704e-01    2.54380e+01
   -6.54626e-01   -4.12965e+03   -1.02447e+02
    2.43458e+01   -1.02440e+02   -4.04069e+03

   Pressure (bar)
    4.59591e+03    4.73812e+00   -4.74500e+00
    4.94332e+00    4.56442e+03    3.32965e+01
   -4.45481e+00    3.32947e+01    4.53725e+03


       P P   -   P M E   L O A D   B A L A N C I N G

 PP/PME load balancing changed the cut-off and PME settings:
           particle-particle                    PME
            rcoulomb  rlist            grid      spacing   1/beta
   initial  1.000 nm  1.041 nm      52  52  52   0.096 nm  0.320 nm
   final    1.042 nm  1.083 nm      48  48  48   0.104 nm  0.334 nm
 cost-ratio           1.12             0.79
 (note that these numbers concern only part of the total PP and PME load)


	M E G A - F L O P S   A C C O U N T I N G

 NB=Group-cutoff nonbonded kernels    NxN=N-by-N cluster Verlet kernels
 RF=Reaction-Field  VdW=Van der Waals  QSTab=quadratic-spline table
 W3=SPC/TIP3p  W4=TIP4p (single or pairs)
 V&F=Potential and force  V=Potential only  F=Force only

 Computing:                               M-Number         M-Flops  % Flops
-----------------------------------------------------------------------------
 Pair Search distance check            3014.498838       27130.490     0.3
 NxN Ewald Elec. + LJ [F]             48001.650352     4896168.336    58.6
 NxN Ewald Elec. + LJ [V&F]             490.599968       68683.996     0.8
 NxN Ewald Elec. [F]                  41637.339184     2539877.690    30.4
 NxN Ewald Elec. [V&F]                  425.501376       35742.116     0.4
 1,4 nonbonded interactions              16.321632        1468.947     0.0
 Calc Weights                           423.042300       15229.523     0.2
 Spread Q Bspline                     18049.804800       36099.610     0.4
 Gather F Bspline                     18049.804800      108298.829     1.3
 3D-FFT                               74317.186224      594537.490     7.1
 Solve PME                              138.453504        8861.024     0.1
 Reset In Box                             7.064100          21.192     0.0
 CG-CoM                                   7.078200          21.235     0.0
 Bonds                                    3.040304         179.378     0.0
 Angles                                  11.431143        1920.432     0.0
 Propers                                 17.731773        4060.576     0.0
 Impropers                                1.140114         237.144     0.0
 Virial                                   1.560450          28.088     0.0
 Stop-CM                                  1.438200          14.382     0.0
 Calc-Ekin                               14.128200         381.461     0.0
 Lincs                                    3.980753         238.845     0.0
 Lincs-Mat                               24.923172          99.693     0.0
 Constraint-V                           167.760447        1342.084     0.0
 Constraint-Vir                           1.653497          39.684     0.0
 Settle                                  53.271894       17206.822     0.2
-----------------------------------------------------------------------------
 Total                                                 8357889.064   100.0
-----------------------------------------------------------------------------


    D O M A I N   D E C O M P O S I T I O N   S T A T I S T I C S

 av. #atoms communicated per step for force:  2 x 49392.3
 av. #atoms communicated per step for LINCS:  2 x 2702.8

 Average load imbalance: 3.5 %
 Part of the total run time spent waiting due to load imbalance: 2.5 %
 Steps where the load balancing was limited by -rdd, -rcon and/or -dds: X 0 % Y 0 %
 Average PME mesh/force load: 0.963
 Part of the total run time spent waiting due to PP/PME imbalance: 1.1 %


     R E A L   C Y C L E   A N D   T I M E   A C C O U N T I N G

On 30 MPI ranks doing PP, and
on 18 MPI ranks doing PME

 Computing:          Num   Num      Call    Wall time         Giga-Cycles
                     Ranks Threads  Count      (s)         total sum    %
-----------------------------------------------------------------------------
 Domain decomp.        30    1        501       0.258         19.282   1.4
 DD comm. load         30    1        402       0.001          0.076   0.0
 DD comm. bounds       30    1        401       0.009          0.680   0.0
 Send X to PME         30    1      10001       0.894         66.897   4.8
 Neighbor search       30    1        501       0.367         27.456   2.0
 Comm. coord.          30    1       9500       0.404         30.227   2.2
 Force                 30    1      10001       7.937        593.891  42.4
 Wait + Comm. F        30    1      10001       0.807         60.421   4.3
 PME mesh *            18    1      10001       8.454        379.535  27.1
 PME wait for PP *                              3.239        145.425  10.4
 Wait + Recv. PME F    30    1      10001       0.113          8.469   0.6
 NB X/F buffer ops.    30    1      29001       0.122          9.158   0.7
 Write traj.           30    1          1       0.002          0.126   0.0
 Update                30    1      10001       0.064          4.810   0.3
 Constraints           30    1      10001       0.632         47.297   3.4
 Comm. energies        30    1        501       0.044          3.275   0.2
 Rest                                           0.040          2.974   0.2
-----------------------------------------------------------------------------
 Total                                         11.694       1400.063 100.0
-----------------------------------------------------------------------------
(*) Note that with separate PME ranks, the walltime column actually sums to
    twice the total reported, but the cycle count total and % are correct.
-----------------------------------------------------------------------------
 Breakdown of PME mesh computation
-----------------------------------------------------------------------------
 PME redist. X/F       18    1      30003       0.782         35.105   2.5
 PME spread/gather     18    1      40004       2.688        120.665   8.6
 PME 3D-FFT            18    1      40004       1.774         79.659   5.7
 PME 3D-FFT Comm.      18    1      80008       2.722        122.189   8.7
 PME solve LJ          18    1      10001       0.296         13.283   0.9
 PME solve Elec        18    1      10001       0.169          7.568   0.5
-----------------------------------------------------------------------------

               Core t (s)   Wall t (s)        (%)
       Time:      553.136       11.694     4730.0
                 (ns/day)    (hour/ns)
Performance:      147.779        0.162
Finished mdrun on rank 0 Thu Jun  9 16:05:26 2016
