Log file opened on Thu Jun  9 16:27:05 2016
Host: smic092  pid: 32383  rank ID: 0  number of ranks:  40
GROMACS:    gmx mdrun, VERSION 5.0.7 (double precision)

GROMACS is written by:
Emile Apol         Rossen Apostolov   Herman J.C. Berendsen Par Bjelkmar       
Aldert van Buuren  Rudi van Drunen    Anton Feenstra     Sebastian Fritsch  
Gerrit Groenhof    Christoph Junghans Peter Kasson       Carsten Kutzner    
Per Larsson        Justin A. Lemkul   Magnus Lundborg    Pieter Meulenhoff  
Erik Marklund      Teemu Murtola      Szilard Pall       Sander Pronk       
Roland Schulz      Alexey Shvetsov    Michael Shirts     Alfons Sijbers     
Peter Tieleman     Christian Wennberg Maarten Wolf       
and the project leaders:
Mark Abraham, Berk Hess, Erik Lindahl, and David van der Spoel

Copyright (c) 1991-2000, University of Groningen, The Netherlands.
Copyright (c) 2001-2014, The GROMACS development team at
Uppsala University, Stockholm University and
the Royal Institute of Technology, Sweden.
check out http://www.gromacs.org for more information.

GROMACS is free software; you can redistribute it and/or modify it
under the terms of the GNU Lesser General Public License
as published by the Free Software Foundation; either version 2.1
of the License, or (at your option) any later version.

GROMACS:      gmx mdrun, VERSION 5.0.7 (double precision)
Executable:   /usr/local/packages/gromacs/5.0.7/INTEL-140-OPENMPI-1.8.4/bin/gmx_mpi_d
Library dir:  /usr/local/packages/gromacs/5.0.7/INTEL-140-OPENMPI-1.8.4/share/gromacs/top
Command line:
  mdrun_mpi_d

Gromacs version:    VERSION 5.0.7
Precision:          double
Memory model:       64 bit
MPI library:        MPI
OpenMP support:     enabled
GPU support:        disabled
invsqrt routine:    gmx_software_invsqrt(x)
SIMD instructions:  AVX_256
FFT library:        fftw-3.3.3-sse2
RDTSCP usage:       enabled
C++11 compilation:  disabled
TNG support:        enabled
Tracing support:    disabled
Built on:           Fri Apr 22 10:10:19 CDT 2016
Built by:           wfeinste@smic335 [CMAKE]
Build OS/arch:      Linux 2.6.32-358.23.2.el6.x86_64 x86_64
Build CPU vendor:   GenuineIntel
Build CPU brand:    Intel(R) Xeon(R) CPU E5-2680 v2 @ 2.80GHz
Build CPU family:   6   Model: 62   Stepping: 4
Build CPU features: aes apic avx clfsh cmov cx8 cx16 f16c htt lahf_lm mmx msr nonstop_tsc pcid pclmuldq pdcm pdpe1gb popcnt pse rdrnd rdtscp sse2 sse3 sse4.1 sse4.2 ssse3 tdt x2apic
C compiler:         /usr/local/packages/openmpi/1.8.4/INTEL-14.0.2/bin/mpicc Intel 14.0.0.20140120
C compiler flags:    -mavx    -std=gnu99 -w3 -wd111 -wd177 -wd181 -wd193 -wd271 -wd304 -wd383 -wd424 -wd444 -wd522 -wd593 -wd869 -wd981 -wd1418 -wd1419 -wd1572 -wd1599 -wd2259 -wd2415 -wd2547 -wd2557 -wd3280 -wd3346 -wd11074 -wd11076  -O3 -DNDEBUG -ip -funroll-all-loops -alias-const -ansi-alias  
C++ compiler:       /usr/local/packages/openmpi/1.8.4/INTEL-14.0.2/bin/mpicxx Intel 14.0.0.20140120
C++ compiler flags:  -mavx   -O3 -mavx -w3 -wd111 -wd177 -wd181 -wd193 -wd271 -wd304 -wd383 -wd424 -wd444 -wd522 -wd593 -wd869 -wd981 -wd1418 -wd1419 -wd1572 -wd1599 -wd2259 -wd2415 -wd2547 -wd2557 -wd3280 -wd3346 -wd11074 -wd11076 -wd1782 -wd2282  -O3 -DNDEBUG -ip -funroll-all-loops -alias-const -ansi-alias  
Boost version:      1.55.0 (internal)



++++ PLEASE READ AND CITE THE FOLLOWING REFERENCE ++++
M. J. Abraham, T. Murtola, R. Schulz, S. Páll, J. C. Smith, B. Hess, E.
Lindahl
GROMACS: High performance molecular simulations through multi-level
parallelism from laptops to supercomputers
SoftwareX 1 (2015) pp. 19-25
-------- -------- --- Thank You --- -------- --------


++++ PLEASE READ AND CITE THE FOLLOWING REFERENCE ++++
S. Páll, M. J. Abraham, C. Kutzner, B. Hess, E. Lindahl
Tackling Exascale Software Challenges in Molecular Dynamics Simulations with
GROMACS
In S. Markidis & E. Laure (Eds.), Solving Software Challenges for Exascale 8759 (2015) pp. 3-27
-------- -------- --- Thank You --- -------- --------


++++ PLEASE READ AND CITE THE FOLLOWING REFERENCE ++++
S. Pronk, S. Páll, R. Schulz, P. Larsson, P. Bjelkmar, R. Apostolov, M. R.
Shirts, J. C. Smith, P. M. Kasson, D. van der Spoel, B. Hess, and E. Lindahl
GROMACS 4.5: a high-throughput and highly parallel open source molecular
simulation toolkit
Bioinformatics 29 (2013) pp. 845-54
-------- -------- --- Thank You --- -------- --------


++++ PLEASE READ AND CITE THE FOLLOWING REFERENCE ++++
B. Hess and C. Kutzner and D. van der Spoel and E. Lindahl
GROMACS 4: Algorithms for highly efficient, load-balanced, and scalable
molecular simulation
J. Chem. Theory Comput. 4 (2008) pp. 435-447
-------- -------- --- Thank You --- -------- --------


++++ PLEASE READ AND CITE THE FOLLOWING REFERENCE ++++
D. van der Spoel, E. Lindahl, B. Hess, G. Groenhof, A. E. Mark and H. J. C.
Berendsen
GROMACS: Fast, Flexible and Free
J. Comp. Chem. 26 (2005) pp. 1701-1719
-------- -------- --- Thank You --- -------- --------


++++ PLEASE READ AND CITE THE FOLLOWING REFERENCE ++++
E. Lindahl and B. Hess and D. van der Spoel
GROMACS 3.0: A package for molecular simulation and trajectory analysis
J. Mol. Mod. 7 (2001) pp. 306-317
-------- -------- --- Thank You --- -------- --------


++++ PLEASE READ AND CITE THE FOLLOWING REFERENCE ++++
H. J. C. Berendsen, D. van der Spoel and R. van Drunen
GROMACS: A message-passing parallel molecular dynamics implementation
Comp. Phys. Comm. 91 (1995) pp. 43-56
-------- -------- --- Thank You --- -------- --------


Number of hardware threads detected (20) does not match the number reported by OpenMP (1).
Consider setting the launch configuration manually!
Input Parameters:
   integrator                     = md
   tinit                          = 0
   dt                             = 0.002
   nsteps                         = 10000
   init-step                      = 0
   simulation-part                = 1
   comm-mode                      = Linear
   nstcomm                        = 100
   bd-fric                        = 0
   ld-seed                        = 1547794782
   emtol                          = 10
   emstep                         = 0.01
   niter                          = 20
   fcstep                         = 0
   nstcgsteep                     = 1000
   nbfgscorr                      = 10
   rtpi                           = 0.05
   nstxout                        = 0
   nstvout                        = 0
   nstfout                        = 0
   nstlog                         = 5000
   nstcalcenergy                  = 100
   nstenergy                      = 0
   nstxout-compressed             = 0
   compressed-x-precision         = 1000
   cutoff-scheme                  = Verlet
   nstlist                        = 20
   ns-type                        = Grid
   pbc                            = xyz
   periodic-molecules             = FALSE
   verlet-buffer-tolerance        = 0.005
   rlist                          = 1.041
   rlistlong                      = 1.041
   nstcalclr                      = 20
   coulombtype                    = PME
   coulomb-modifier               = Potential-shift
   rcoulomb-switch                = 0
   rcoulomb                       = 1
   epsilon-r                      = 1
   epsilon-rf                     = inf
   vdw-type                       = PME
   vdw-modifier                   = Potential-shift
   rvdw-switch                    = 0
   rvdw                           = 1
   DispCorr                       = No
   table-extension                = 1
   fourierspacing                 = 0.1
   fourier-nx                     = 52
   fourier-ny                     = 52
   fourier-nz                     = 52
   pme-order                      = 4
   ewald-rtol                     = 1e-05
   ewald-rtol-lj                  = 0.001
   lj-pme-comb-rule               = Geometric
   ewald-geometry                 = 0
   epsilon-surface                = 0
   implicit-solvent               = No
   gb-algorithm                   = Still
   nstgbradii                     = 1
   rgbradii                       = 1
   gb-epsilon-solvent             = 80
   gb-saltconc                    = 0
   gb-obc-alpha                   = 1
   gb-obc-beta                    = 0.8
   gb-obc-gamma                   = 4.85
   gb-dielectric-offset           = 0.009
   sa-algorithm                   = Ace-approximation
   sa-surface-tension             = 2.05016
   tcoupl                         = V-rescale
   nsttcouple                     = 20
   nh-chain-length                = 0
   print-nose-hoover-chain-variables = FALSE
   pcoupl                         = No
   pcoupltype                     = Isotropic
   nstpcouple                     = -1
   tau-p                          = 1
   compressibility (3x3):
      compressibility[    0]={ 0.00000e+00,  0.00000e+00,  0.00000e+00}
      compressibility[    1]={ 0.00000e+00,  0.00000e+00,  0.00000e+00}
      compressibility[    2]={ 0.00000e+00,  0.00000e+00,  0.00000e+00}
   ref-p (3x3):
      ref-p[    0]={ 0.00000e+00,  0.00000e+00,  0.00000e+00}
      ref-p[    1]={ 0.00000e+00,  0.00000e+00,  0.00000e+00}
      ref-p[    2]={ 0.00000e+00,  0.00000e+00,  0.00000e+00}
   refcoord-scaling               = No
   posres-com (3):
      posres-com[0]= 0.00000e+00
      posres-com[1]= 0.00000e+00
      posres-com[2]= 0.00000e+00
   posres-comB (3):
      posres-comB[0]= 0.00000e+00
      posres-comB[1]= 0.00000e+00
      posres-comB[2]= 0.00000e+00
   QMMM                           = FALSE
   QMconstraints                  = 0
   QMMMscheme                     = 0
   MMChargeScaleFactor            = 1
qm-opts:
   ngQM                           = 0
   constraint-algorithm           = Lincs
   continuation                   = FALSE
   Shake-SOR                      = FALSE
   shake-tol                      = 0.0001
   lincs-order                    = 4
   lincs-iter                     = 1
   lincs-warnangle                = 30
   nwall                          = 0
   wall-type                      = 9-3
   wall-r-linpot                  = -1
   wall-atomtype[0]               = -1
   wall-atomtype[1]               = -1
   wall-density[0]                = 0
   wall-density[1]                = 0
   wall-ewald-zfac                = 3
   pull                           = no
   rotation                       = FALSE
   interactiveMD                  = FALSE
   disre                          = No
   disre-weighting                = Conservative
   disre-mixed                    = FALSE
   dr-fc                          = 1000
   dr-tau                         = 0
   nstdisreout                    = 100
   orire-fc                       = 0
   orire-tau                      = 0
   nstorireout                    = 100
   free-energy                    = no
   cos-acceleration               = 0
   deform (3x3):
      deform[    0]={ 0.00000e+00,  0.00000e+00,  0.00000e+00}
      deform[    1]={ 0.00000e+00,  0.00000e+00,  0.00000e+00}
      deform[    2]={ 0.00000e+00,  0.00000e+00,  0.00000e+00}
   simulated-tempering            = FALSE
   E-x:
      n = 0
   E-xt:
      n = 0
   E-y:
      n = 0
   E-yt:
      n = 0
   E-z:
      n = 0
   E-zt:
      n = 0
   swapcoords                     = no
   adress                         = FALSE
   userint1                       = 0
   userint2                       = 0
   userint3                       = 0
   userint4                       = 0
   userreal1                      = 0
   userreal2                      = 0
   userreal3                      = 0
   userreal4                      = 0
grpopts:
   nrdf:       28510
   ref-t:         355
   tau-t:           2
annealing:          No
annealing-npoints:           0
   acc:	           0           0           0
   nfreeze:           N           N           N
   energygrp-flags[  0]: 0

Initializing Domain Decomposition on 40 ranks
Dynamic load balancing: auto
Will sort the charge groups at every domain (re)decomposition
Initial maximum inter charge-group distances:
    two-body bonded interactions: 0.420 nm, LJ-14, atoms 197 205
  multi-body bonded interactions: 0.420 nm, Proper Dih., atoms 197 205
Minimum cell size due to bonded interactions: 0.462 nm
Maximum distance for 5 constraints, at 120 deg. angles, all-trans: 0.218 nm
Estimated maximum distance required for P-LINCS: 0.218 nm
Guess for relative PME load: 0.25
Will use 30 particle-particle and 10 PME only ranks
This is a guess, check the performance at the end of the log file
Using 10 separate PME ranks, as guessed by mdrun
Scaling the initial minimum size with 1/0.8 (option -dds) = 1.25
Optimizing the DD grid for 30 cells with a minimum initial size of 0.578 nm
The maximum allowed number of cells is: X 8 Y 8 Z 8
Domain decomposition grid 5 x 2 x 3, separate PME ranks 10
PME domain decomposition: 5 x 2 x 1
Interleaving PP and PME ranks
This rank does only particle-particle work.

Domain decomposition rank 0, coordinates 0 0 0

Using two step summing over 2 groups of on average 15.0 ranks

Using 40 MPI processes
Using 1 OpenMP thread per MPI process

Detecting CPU SIMD instructions.
Present hardware specification:
Vendor: GenuineIntel
Brand:  Intel(R) Xeon(R) CPU E5-2680 v2 @ 2.80GHz
Family:  6  Model: 62  Stepping:  4
Features: aes apic avx clfsh cmov cx8 cx16 f16c htt lahf_lm mmx msr nonstop_tsc pcid pclmuldq pdcm pdpe1gb popcnt pse rdrnd rdtscp sse2 sse3 sse4.1 sse4.2 ssse3 tdt x2apic
SIMD instructions most likely to fit this hardware: AVX_256
SIMD instructions selected at GROMACS compile time: AVX_256

Will do PME sum in reciprocal space for electrostatic interactions.

++++ PLEASE READ AND CITE THE FOLLOWING REFERENCE ++++
U. Essmann, L. Perera, M. L. Berkowitz, T. Darden, H. Lee and L. G. Pedersen 
A smooth particle mesh Ewald method
J. Chem. Phys. 103 (1995) pp. 8577-8592
-------- -------- --- Thank You --- -------- --------

Will do ordinary reciprocal space Ewald sum.
Using a Gaussian width (1/beta) of 0.320163 nm for Ewald
Will do PME sum in reciprocal space for LJ dispersion interactions.

++++ PLEASE READ AND CITE THE FOLLOWING REFERENCE ++++
U. Essmann, L. Perera, M. L. Berkowitz, T. Darden, H. Lee and L. G. Pedersen 
A smooth particle mesh Ewald method
J. Chem. Phys. 103 (1995) pp. 8577-8592
-------- -------- --- Thank You --- -------- --------

Using a Gaussian width (1/beta) of 0.298423 nm for LJ Ewald
Using shifted Lennard-Jones, switch between 0 and 1 nm
Cut-off's:   NS: 1.041   Coulomb: 1   LJ: 1
System total charge: -0.000
Generated table with 4082 data points for Ewald.
Tabscale = 2000 points/nm
Generated table with 4082 data points for LJ6Ewald.
Tabscale = 2000 points/nm
Generated table with 4082 data points for LJ12.
Tabscale = 2000 points/nm
Generated table with 4082 data points for 1-4 COUL.
Tabscale = 2000 points/nm
Generated table with 4082 data points for 1-4 LJ6.
Tabscale = 2000 points/nm
Generated table with 4082 data points for 1-4 LJ12.
Tabscale = 2000 points/nm

Using AVX_256 4x4 non-bonded kernels

Potential shift: LJ r^-12: -1.000e+00 r^-6: -1.000e-03, Ewald -1.000e-05
Initialized non-bonded Ewald correction tables, spacing: 9.33e-04 size: 2189

Removing pbc first time

Non-default thread affinity set probably by the OpenMP library,
disabling internal thread affinity

Initializing Parallel LINear Constraint Solver

++++ PLEASE READ AND CITE THE FOLLOWING REFERENCE ++++
B. Hess
P-LINCS: A Parallel Linear Constraint Solver for molecular simulation
J. Chem. Theory Comput. 4 (2008) pp. 116-122
-------- -------- --- Thank You --- -------- --------

The number of constraints is 323
There are inter charge-group constraints,
will communicate selected coordinates each lincs iteration

++++ PLEASE READ AND CITE THE FOLLOWING REFERENCE ++++
S. Miyamoto and P. A. Kollman
SETTLE: An Analytical Version of the SHAKE and RATTLE Algorithms for Rigid
Water Models
J. Comp. Chem. 13 (1992) pp. 952-962
-------- -------- --- Thank You --- -------- --------


Linking all bonded interactions to atoms
There are 16866 inter charge-group exclusions,
will use an extra communication step for exclusion forces for PME

The initial number of communication pulses is: X 2 Y 1 Z 1
The initial domain decomposition cell size is: X 1.00 nm Y 2.50 nm Z 1.67 nm

The maximum allowed distance for charge groups involved in interactions is:
                 non-bonded interactions           1.041 nm
            two-body bonded interactions  (-rdd)   1.041 nm
          multi-body bonded interactions  (-rdd)   1.000 nm
  atoms separated by up to 5 constraints  (-rcon)  1.000 nm

When dynamic load balancing gets turned on, these settings will change to:
The maximum number of communication pulses is: X 2 Y 1 Z 2
The minimum size for domain decomposition cells is 0.710 nm
The requested allowed shrink of DD cells (option -dds) is: 0.80
The allowed shrink of domain decomposition cells is: X 0.71 Y 0.42 Z 0.43
The maximum allowed distance for charge groups involved in interactions is:
                 non-bonded interactions           1.041 nm
            two-body bonded interactions  (-rdd)   1.041 nm
          multi-body bonded interactions  (-rdd)   0.710 nm
  atoms separated by up to 5 constraints  (-rcon)  0.710 nm


Making 3D domain decomposition grid 5 x 2 x 3, home cell index 0 0 0

Center of mass motion removal mode is Linear
We have the following groups for center of mass motion removal:
  0:  rest

++++ PLEASE READ AND CITE THE FOLLOWING REFERENCE ++++
G. Bussi, D. Donadio and M. Parrinello
Canonical sampling through velocity rescaling
J. Chem. Phys. 126 (2007) pp. 014101
-------- -------- --- Thank You --- -------- --------

There are: 14100 Atoms
Charge group distribution at step 0: 510 520 515 494 483 489 475 459 448 458 445 444 462 515 475 433 492 447 482 460 448 466 447 437 494 484 477 466 436 439

Constraining the starting coordinates (step 0)

Constraining the coordinates at t0-dt (step 0)
RMS relative constraint deviation after constraining: 0.00e+00
Initial temperature: 355.184 K

Started mdrun on rank 0 Thu Jun  9 16:27:05 2016
           Step           Time         Lambda
              0        0.00000        0.00000

   Energies (kJ/mol)
           Bond          Angle    Proper Dih.  Improper Dih.          LJ-14
    1.08865e+02    5.53910e+02    1.66193e+03    3.03503e+01    5.63376e+02
     Coulomb-14        LJ (SR)   Coulomb (SR)   Coul. recip.      LJ recip.
    1.06706e+04    5.77647e+04   -2.68759e+05    1.26161e+03   -1.69696e+04
      Potential    Kinetic En.   Total Energy  Conserved En.    Temperature
   -2.13113e+05    4.21084e+04   -1.71005e+05   -1.71005e+05    3.55275e+02
 Pressure (bar)   Constr. rmsd
    5.22229e+03    3.46477e-06

DD  step 19 load imb.: force 56.8%  pme mesh/force 1.494

step   60: timed with pme grid 52 52 52, coulomb cutoff 1.000: 453.9 M-cycles
step  100: timed with pme grid 44 44 44, coulomb cutoff 1.136: 466.2 M-cycles
step  140: timed with pme grid 40 40 40, coulomb cutoff 1.250: 432.5 M-cycles
step  180: timed with pme grid 36 36 36, coulomb cutoff 1.389: 517.2 M-cycles
step  220: timed with pme grid 52 52 52, coulomb cutoff 1.000: 325.5 M-cycles
step  260: timed with pme grid 48 48 48, coulomb cutoff 1.042: 307.5 M-cycles
step  300: timed with pme grid 44 44 44, coulomb cutoff 1.136: 310.0 M-cycles
step  340: timed with pme grid 42 42 42, coulomb cutoff 1.190: 314.4 M-cycles
step  380: timed with pme grid 40 40 40, coulomb cutoff 1.250: 285.2 M-cycles
step  420: timed with pme grid 48 48 48, coulomb cutoff 1.042: 240.7 M-cycles
step  460: timed with pme grid 44 44 44, coulomb cutoff 1.136: 251.8 M-cycles
step  500: timed with pme grid 42 42 42, coulomb cutoff 1.190: 308.5 M-cycles
step  540: timed with pme grid 40 40 40, coulomb cutoff 1.250: 296.0 M-cycles
step  580: timed with pme grid 48 48 48, coulomb cutoff 1.042: 254.4 M-cycles
step  620: timed with pme grid 44 44 44, coulomb cutoff 1.136: 253.5 M-cycles
              optimal pme grid 48 48 48, coulomb cutoff 1.042
DD  step 4999 load imb.: force 16.1%  pme mesh/force 0.542

           Step           Time         Lambda
           5000       10.00000        0.00000

   Energies (kJ/mol)
           Bond          Angle    Proper Dih.  Improper Dih.          LJ-14
    4.99434e+02    1.39234e+03    1.69418e+03    9.77331e+01    6.04393e+02
     Coulomb-14        LJ (SR)   Coulomb (SR)   Coul. recip.      LJ recip.
    1.07798e+04    4.36061e+04   -2.27837e+05    1.04639e+03   -1.48465e+04
      Potential    Kinetic En.   Total Energy  Conserved En.    Temperature
   -1.82963e+05    3.98696e+04   -1.43093e+05   -1.70602e+05    3.36386e+02
 Pressure (bar)   Constr. rmsd
    5.02435e+03    3.22119e-06

At step 6000 the performance loss due to force load imbalance is 8.0 %

NOTE: Turning on dynamic load balancing

DD  step 9999  vol min/aver 0.854  load imb.: force  4.1%  pme mesh/force 0.597

           Step           Time         Lambda
          10000       20.00000        0.00000

Writing checkpoint, step 10000 at Thu Jun  9 16:27:49 2016


   Energies (kJ/mol)
           Bond          Angle    Proper Dih.  Improper Dih.          LJ-14
    4.72169e+02    1.43108e+03    1.66353e+03    8.25019e+01    6.29226e+02
     Coulomb-14        LJ (SR)   Coulomb (SR)   Coul. recip.      LJ recip.
    1.08255e+04    4.38467e+04   -2.26487e+05    1.17923e+03   -1.48453e+04
      Potential    Kinetic En.   Total Energy  Conserved En.    Temperature
   -1.81202e+05    4.17835e+04   -1.39419e+05   -1.70571e+05    3.52534e+02
 Pressure (bar)   Constr. rmsd
    5.57175e+03    2.95595e-06

	<======  ###############  ==>
	<====  A V E R A G E S  ====>
	<==  ###############  ======>

	Statistics over 10001 steps using 101 frames

   Energies (kJ/mol)
           Bond          Angle    Proper Dih.  Improper Dih.          LJ-14
    4.65194e+02    1.29787e+03    1.69028e+03    7.62805e+01    5.83335e+02
     Coulomb-14        LJ (SR)   Coulomb (SR)   Coul. recip.      LJ recip.
    1.07589e+04    4.37133e+04   -2.30894e+05    1.06634e+03   -1.46762e+04
      Potential    Kinetic En.   Total Energy  Conserved En.    Temperature
   -1.85919e+05    3.87552e+04   -1.47163e+05   -1.70611e+05    3.26984e+02
 Pressure (bar)   Constr. rmsd
    4.47820e+03    0.00000e+00

   Total Virial (kJ/mol)
   -3.90228e+03   -4.04284e+01    2.21833e+01
   -4.04284e+01   -3.97226e+03   -5.68679e+01
    2.21833e+01   -5.68679e+01   -3.93588e+03

   Pressure (bar)
    4.47721e+03    4.47888e+00   -6.85077e+00
    4.47888e+00    4.48325e+03    2.59145e+01
   -6.85077e+00    2.59145e+01    4.47413e+03


       P P   -   P M E   L O A D   B A L A N C I N G

 PP/PME load balancing changed the cut-off and PME settings:
           particle-particle                    PME
            rcoulomb  rlist            grid      spacing   1/beta
   initial  1.000 nm  1.041 nm      52  52  52   0.096 nm  0.320 nm
   final    1.042 nm  1.083 nm      48  48  48   0.104 nm  0.334 nm
 cost-ratio           1.12             0.79
 (note that these numbers concern only part of the total PP and PME load)


	M E G A - F L O P S   A C C O U N T I N G

 NB=Group-cutoff nonbonded kernels    NxN=N-by-N cluster Verlet kernels
 RF=Reaction-Field  VdW=Van der Waals  QSTab=quadratic-spline table
 W3=SPC/TIP3p  W4=TIP4p (single or pairs)
 V&F=Potential and force  V=Potential only  F=Force only

 Computing:                               M-Number         M-Flops  % Flops
-----------------------------------------------------------------------------
 Pair Search distance check            2771.824714       24946.422     0.5
 NxN QSTab Elec. + LJ [F]             41620.898184     3204809.160    60.0
 NxN QSTab Elec. + LJ [V&F]             424.044320       39012.077     0.7
 NxN QSTab Elec. [F]                  37670.768152     1280806.117    24.0
 NxN QSTab Elec. [V&F]                  383.976752       15743.047     0.3
 1,4 nonbonded interactions              16.321632        1468.947     0.0
 Calc Weights                           423.042300       15229.523     0.3
 Spread Q Bspline                     18049.804800       36099.610     0.7
 Gather F Bspline                     18049.804800      108298.829     2.0
 3D-FFT                               73264.254544      586114.036    11.0
 Solve PME                               91.421696        5850.989     0.1
 Reset In Box                             7.064100          21.192     0.0
 CG-CoM                                   7.078200          21.235     0.0
 Bonds                                    3.040304         179.378     0.0
 Angles                                  11.431143        1920.432     0.0
 Propers                                 17.731773        4060.576     0.1
 Impropers                                1.140114         237.144     0.0
 Virial                                   1.560450          28.088     0.0
 Stop-CM                                  1.438200          14.382     0.0
 Calc-Ekin                               14.128200         381.461     0.0
 Lincs                                    3.853426         231.206     0.0
 Lincs-Mat                               23.846112          95.384     0.0
 Constraint-V                           165.096360        1320.771     0.0
 Constraint-Vir                           1.628301          39.079     0.0
 Settle                                  52.468749       16947.406     0.3
-----------------------------------------------------------------------------
 Total                                                 5343876.491   100.0
-----------------------------------------------------------------------------


    D O M A I N   D E C O M P O S I T I O N   S T A T I S T I C S

 av. #atoms communicated per step for force:  2 x 49541.6
 av. #atoms communicated per step for LINCS:  2 x 2437.3

 Average load imbalance: 4.3 %
 Part of the total run time spent waiting due to load imbalance: 3.5 %
 Steps where the load balancing was limited by -rdd, -rcon and/or -dds: X 0 % Y 0 % Z 0 %
 Average PME mesh/force load: 0.623
 Part of the total run time spent waiting due to PP/PME imbalance: 8.5 %

NOTE: 8.5 % performance was lost because the PME ranks
      had less work to do than the PP ranks.
      You might want to decrease the number of PME ranks
      or decrease the cut-off and the grid spacing.


     R E A L   C Y C L E   A N D   T I M E   A C C O U N T I N G

On 30 MPI ranks doing PP, and
on 10 MPI ranks doing PME

 Computing:          Num   Num      Call    Wall time         Giga-Cycles
                     Ranks Threads  Count      (s)         total sum    %
-----------------------------------------------------------------------------
 Domain decomp.        30    1        501       0.592         49.748   1.0
 DD comm. load         30    1        205       0.001          0.118   0.0
 DD comm. bounds       30    1        201       0.004          0.325   0.0
 Send X to PME         30    1      10001       0.041          3.428   0.1
 Neighbor search       30    1        501       0.654         54.907   1.1
 Comm. coord.          30    1       9500       0.862         72.451   1.5
 Force                 30    1      10001      25.920       2177.313  44.6
 Wait + Comm. F        30    1      10001       4.819        404.786   8.3
 PME mesh *            10    1      10001      21.836        611.428  12.5
 PME wait for PP *                             21.750        609.021  12.5
 Wait + Recv. PME F    30    1      10001       4.865        408.636   8.4
 NB X/F buffer ops.    30    1      29001       0.167         14.013   0.3
 Write traj.           30    1          1       0.015          1.280   0.0
 Update                30    1      10001       0.054          4.505   0.1
 Constraints           30    1      10001       5.431        456.220   9.3
 Comm. energies        30    1        501       0.072          6.010   0.1
 Rest                                           0.107          8.971   0.2
-----------------------------------------------------------------------------
 Total                                         43.603       4883.615 100.0
-----------------------------------------------------------------------------
(*) Note that with separate PME ranks, the walltime column actually sums to
    twice the total reported, but the cycle count total and % are correct.
-----------------------------------------------------------------------------
 Breakdown of PME mesh computation
-----------------------------------------------------------------------------
 PME redist. X/F       10    1      30003       3.936        110.218   2.3
 PME spread/gather     10    1      40004       5.650        158.208   3.2
 PME 3D-FFT            10    1      40004       4.210        117.871   2.4
 PME 3D-FFT Comm.      10    1      80008       6.127        171.556   3.5
 PME solve LJ          10    1      10001       1.442         40.379   0.8
 PME solve Elec        10    1      10001       0.431         12.074   0.2
-----------------------------------------------------------------------------

               Core t (s)   Wall t (s)        (%)
       Time:     1730.609       43.603     3969.0
                 (ns/day)    (hour/ns)
Performance:       39.634        0.606
Finished mdrun on rank 0 Thu Jun  9 16:27:49 2016
