Log file opened on Thu Jun  9 16:15:43 2016
Host: smic242  pid: 15807  rank ID: 0  number of ranks:  20
GROMACS:    gmx mdrun, VERSION 5.0.7 (double precision)

GROMACS is written by:
Emile Apol         Rossen Apostolov   Herman J.C. Berendsen Par Bjelkmar       
Aldert van Buuren  Rudi van Drunen    Anton Feenstra     Sebastian Fritsch  
Gerrit Groenhof    Christoph Junghans Peter Kasson       Carsten Kutzner    
Per Larsson        Justin A. Lemkul   Magnus Lundborg    Pieter Meulenhoff  
Erik Marklund      Teemu Murtola      Szilard Pall       Sander Pronk       
Roland Schulz      Alexey Shvetsov    Michael Shirts     Alfons Sijbers     
Peter Tieleman     Christian Wennberg Maarten Wolf       
and the project leaders:
Mark Abraham, Berk Hess, Erik Lindahl, and David van der Spoel

Copyright (c) 1991-2000, University of Groningen, The Netherlands.
Copyright (c) 2001-2014, The GROMACS development team at
Uppsala University, Stockholm University and
the Royal Institute of Technology, Sweden.
check out http://www.gromacs.org for more information.

GROMACS is free software; you can redistribute it and/or modify it
under the terms of the GNU Lesser General Public License
as published by the Free Software Foundation; either version 2.1
of the License, or (at your option) any later version.

GROMACS:      gmx mdrun, VERSION 5.0.7 (double precision)
Executable:   /usr/local/packages/gromacs/5.0.7/INTEL-140-OPENMPI-1.8.4/bin/gmx_mpi_d
Library dir:  /usr/local/packages/gromacs/5.0.7/INTEL-140-OPENMPI-1.8.4/share/gromacs/top
Command line:
  mdrun_mpi_d

Gromacs version:    VERSION 5.0.7
Precision:          double
Memory model:       64 bit
MPI library:        MPI
OpenMP support:     enabled
GPU support:        disabled
invsqrt routine:    gmx_software_invsqrt(x)
SIMD instructions:  AVX_256
FFT library:        fftw-3.3.3-sse2
RDTSCP usage:       enabled
C++11 compilation:  disabled
TNG support:        enabled
Tracing support:    disabled
Built on:           Fri Apr 22 10:10:19 CDT 2016
Built by:           wfeinste@smic335 [CMAKE]
Build OS/arch:      Linux 2.6.32-358.23.2.el6.x86_64 x86_64
Build CPU vendor:   GenuineIntel
Build CPU brand:    Intel(R) Xeon(R) CPU E5-2680 v2 @ 2.80GHz
Build CPU family:   6   Model: 62   Stepping: 4
Build CPU features: aes apic avx clfsh cmov cx8 cx16 f16c htt lahf_lm mmx msr nonstop_tsc pcid pclmuldq pdcm pdpe1gb popcnt pse rdrnd rdtscp sse2 sse3 sse4.1 sse4.2 ssse3 tdt x2apic
C compiler:         /usr/local/packages/openmpi/1.8.4/INTEL-14.0.2/bin/mpicc Intel 14.0.0.20140120
C compiler flags:    -mavx    -std=gnu99 -w3 -wd111 -wd177 -wd181 -wd193 -wd271 -wd304 -wd383 -wd424 -wd444 -wd522 -wd593 -wd869 -wd981 -wd1418 -wd1419 -wd1572 -wd1599 -wd2259 -wd2415 -wd2547 -wd2557 -wd3280 -wd3346 -wd11074 -wd11076  -O3 -DNDEBUG -ip -funroll-all-loops -alias-const -ansi-alias  
C++ compiler:       /usr/local/packages/openmpi/1.8.4/INTEL-14.0.2/bin/mpicxx Intel 14.0.0.20140120
C++ compiler flags:  -mavx   -O3 -mavx -w3 -wd111 -wd177 -wd181 -wd193 -wd271 -wd304 -wd383 -wd424 -wd444 -wd522 -wd593 -wd869 -wd981 -wd1418 -wd1419 -wd1572 -wd1599 -wd2259 -wd2415 -wd2547 -wd2557 -wd3280 -wd3346 -wd11074 -wd11076 -wd1782 -wd2282  -O3 -DNDEBUG -ip -funroll-all-loops -alias-const -ansi-alias  
Boost version:      1.55.0 (internal)



++++ PLEASE READ AND CITE THE FOLLOWING REFERENCE ++++
M. J. Abraham, T. Murtola, R. Schulz, S. Páll, J. C. Smith, B. Hess, E.
Lindahl
GROMACS: High performance molecular simulations through multi-level
parallelism from laptops to supercomputers
SoftwareX 1 (2015) pp. 19-25
-------- -------- --- Thank You --- -------- --------


++++ PLEASE READ AND CITE THE FOLLOWING REFERENCE ++++
S. Páll, M. J. Abraham, C. Kutzner, B. Hess, E. Lindahl
Tackling Exascale Software Challenges in Molecular Dynamics Simulations with
GROMACS
In S. Markidis & E. Laure (Eds.), Solving Software Challenges for Exascale 8759 (2015) pp. 3-27
-------- -------- --- Thank You --- -------- --------


++++ PLEASE READ AND CITE THE FOLLOWING REFERENCE ++++
S. Pronk, S. Páll, R. Schulz, P. Larsson, P. Bjelkmar, R. Apostolov, M. R.
Shirts, J. C. Smith, P. M. Kasson, D. van der Spoel, B. Hess, and E. Lindahl
GROMACS 4.5: a high-throughput and highly parallel open source molecular
simulation toolkit
Bioinformatics 29 (2013) pp. 845-54
-------- -------- --- Thank You --- -------- --------


++++ PLEASE READ AND CITE THE FOLLOWING REFERENCE ++++
B. Hess and C. Kutzner and D. van der Spoel and E. Lindahl
GROMACS 4: Algorithms for highly efficient, load-balanced, and scalable
molecular simulation
J. Chem. Theory Comput. 4 (2008) pp. 435-447
-------- -------- --- Thank You --- -------- --------


++++ PLEASE READ AND CITE THE FOLLOWING REFERENCE ++++
D. van der Spoel, E. Lindahl, B. Hess, G. Groenhof, A. E. Mark and H. J. C.
Berendsen
GROMACS: Fast, Flexible and Free
J. Comp. Chem. 26 (2005) pp. 1701-1719
-------- -------- --- Thank You --- -------- --------


++++ PLEASE READ AND CITE THE FOLLOWING REFERENCE ++++
E. Lindahl and B. Hess and D. van der Spoel
GROMACS 3.0: A package for molecular simulation and trajectory analysis
J. Mol. Mod. 7 (2001) pp. 306-317
-------- -------- --- Thank You --- -------- --------


++++ PLEASE READ AND CITE THE FOLLOWING REFERENCE ++++
H. J. C. Berendsen, D. van der Spoel and R. van Drunen
GROMACS: A message-passing parallel molecular dynamics implementation
Comp. Phys. Comm. 91 (1995) pp. 43-56
-------- -------- --- Thank You --- -------- --------


Number of hardware threads detected (20) does not match the number reported by OpenMP (1).
Consider setting the launch configuration manually!
Input Parameters:
   integrator                     = md
   tinit                          = 0
   dt                             = 0.002
   nsteps                         = 10000
   init-step                      = 0
   simulation-part                = 1
   comm-mode                      = Linear
   nstcomm                        = 100
   bd-fric                        = 0
   ld-seed                        = 4170524337
   emtol                          = 10
   emstep                         = 0.01
   niter                          = 20
   fcstep                         = 0
   nstcgsteep                     = 1000
   nbfgscorr                      = 10
   rtpi                           = 0.05
   nstxout                        = 0
   nstvout                        = 0
   nstfout                        = 0
   nstlog                         = 5000
   nstcalcenergy                  = 100
   nstenergy                      = 0
   nstxout-compressed             = 0
   compressed-x-precision         = 1000
   cutoff-scheme                  = Verlet
   nstlist                        = 20
   ns-type                        = Grid
   pbc                            = xyz
   periodic-molecules             = FALSE
   verlet-buffer-tolerance        = 0.005
   rlist                          = 1.041
   rlistlong                      = 1.041
   nstcalclr                      = 20
   coulombtype                    = PME
   coulomb-modifier               = Potential-shift
   rcoulomb-switch                = 0
   rcoulomb                       = 1
   epsilon-r                      = 1
   epsilon-rf                     = inf
   vdw-type                       = PME
   vdw-modifier                   = Potential-shift
   rvdw-switch                    = 0
   rvdw                           = 1
   DispCorr                       = No
   table-extension                = 1
   fourierspacing                 = 0.1
   fourier-nx                     = 52
   fourier-ny                     = 52
   fourier-nz                     = 52
   pme-order                      = 4
   ewald-rtol                     = 1e-05
   ewald-rtol-lj                  = 0.001
   lj-pme-comb-rule               = Geometric
   ewald-geometry                 = 0
   epsilon-surface                = 0
   implicit-solvent               = No
   gb-algorithm                   = Still
   nstgbradii                     = 1
   rgbradii                       = 1
   gb-epsilon-solvent             = 80
   gb-saltconc                    = 0
   gb-obc-alpha                   = 1
   gb-obc-beta                    = 0.8
   gb-obc-gamma                   = 4.85
   gb-dielectric-offset           = 0.009
   sa-algorithm                   = Ace-approximation
   sa-surface-tension             = 2.05016
   tcoupl                         = V-rescale
   nsttcouple                     = 20
   nh-chain-length                = 0
   print-nose-hoover-chain-variables = FALSE
   pcoupl                         = No
   pcoupltype                     = Isotropic
   nstpcouple                     = -1
   tau-p                          = 1
   compressibility (3x3):
      compressibility[    0]={ 0.00000e+00,  0.00000e+00,  0.00000e+00}
      compressibility[    1]={ 0.00000e+00,  0.00000e+00,  0.00000e+00}
      compressibility[    2]={ 0.00000e+00,  0.00000e+00,  0.00000e+00}
   ref-p (3x3):
      ref-p[    0]={ 0.00000e+00,  0.00000e+00,  0.00000e+00}
      ref-p[    1]={ 0.00000e+00,  0.00000e+00,  0.00000e+00}
      ref-p[    2]={ 0.00000e+00,  0.00000e+00,  0.00000e+00}
   refcoord-scaling               = No
   posres-com (3):
      posres-com[0]= 0.00000e+00
      posres-com[1]= 0.00000e+00
      posres-com[2]= 0.00000e+00
   posres-comB (3):
      posres-comB[0]= 0.00000e+00
      posres-comB[1]= 0.00000e+00
      posres-comB[2]= 0.00000e+00
   QMMM                           = FALSE
   QMconstraints                  = 0
   QMMMscheme                     = 0
   MMChargeScaleFactor            = 1
qm-opts:
   ngQM                           = 0
   constraint-algorithm           = Lincs
   continuation                   = FALSE
   Shake-SOR                      = FALSE
   shake-tol                      = 0.0001
   lincs-order                    = 4
   lincs-iter                     = 1
   lincs-warnangle                = 30
   nwall                          = 0
   wall-type                      = 9-3
   wall-r-linpot                  = -1
   wall-atomtype[0]               = -1
   wall-atomtype[1]               = -1
   wall-density[0]                = 0
   wall-density[1]                = 0
   wall-ewald-zfac                = 3
   pull                           = no
   rotation                       = FALSE
   interactiveMD                  = FALSE
   disre                          = No
   disre-weighting                = Conservative
   disre-mixed                    = FALSE
   dr-fc                          = 1000
   dr-tau                         = 0
   nstdisreout                    = 100
   orire-fc                       = 0
   orire-tau                      = 0
   nstorireout                    = 100
   free-energy                    = no
   cos-acceleration               = 0
   deform (3x3):
      deform[    0]={ 0.00000e+00,  0.00000e+00,  0.00000e+00}
      deform[    1]={ 0.00000e+00,  0.00000e+00,  0.00000e+00}
      deform[    2]={ 0.00000e+00,  0.00000e+00,  0.00000e+00}
   simulated-tempering            = FALSE
   E-x:
      n = 0
   E-xt:
      n = 0
   E-y:
      n = 0
   E-yt:
      n = 0
   E-z:
      n = 0
   E-zt:
      n = 0
   swapcoords                     = no
   adress                         = FALSE
   userint1                       = 0
   userint2                       = 0
   userint3                       = 0
   userint4                       = 0
   userreal1                      = 0
   userreal2                      = 0
   userreal3                      = 0
   userreal4                      = 0
grpopts:
   nrdf:       28510
   ref-t:         355
   tau-t:           2
annealing:          No
annealing-npoints:           0
   acc:	           0           0           0
   nfreeze:           N           N           N
   energygrp-flags[  0]: 0

Initializing Domain Decomposition on 20 ranks
Dynamic load balancing: auto
Will sort the charge groups at every domain (re)decomposition
Initial maximum inter charge-group distances:
    two-body bonded interactions: 0.420 nm, LJ-14, atoms 197 205
  multi-body bonded interactions: 0.420 nm, Proper Dih., atoms 197 205
Minimum cell size due to bonded interactions: 0.462 nm
Maximum distance for 5 constraints, at 120 deg. angles, all-trans: 0.218 nm
Estimated maximum distance required for P-LINCS: 0.218 nm
Guess for relative PME load: 0.25
Will use 15 particle-particle and 5 PME only ranks
This is a guess, check the performance at the end of the log file
Using 5 separate PME ranks, as guessed by mdrun
Scaling the initial minimum size with 1/0.8 (option -dds) = 1.25
Optimizing the DD grid for 15 cells with a minimum initial size of 0.578 nm
The maximum allowed number of cells is: X 8 Y 8 Z 8
Domain decomposition grid 5 x 3 x 1, separate PME ranks 5
PME domain decomposition: 5 x 1 x 1
Interleaving PP and PME ranks
This rank does only particle-particle work.

Domain decomposition rank 0, coordinates 0 0 0

Using 20 MPI processes
Using 1 OpenMP thread per MPI process

Detecting CPU SIMD instructions.
Present hardware specification:
Vendor: GenuineIntel
Brand:  Intel(R) Xeon(R) CPU E5-2680 v2 @ 2.80GHz
Family:  6  Model: 62  Stepping:  4
Features: aes apic avx clfsh cmov cx8 cx16 f16c htt lahf_lm mmx msr nonstop_tsc pcid pclmuldq pdcm pdpe1gb popcnt pse rdrnd rdtscp sse2 sse3 sse4.1 sse4.2 ssse3 tdt x2apic
SIMD instructions most likely to fit this hardware: AVX_256
SIMD instructions selected at GROMACS compile time: AVX_256

Will do PME sum in reciprocal space for electrostatic interactions.

++++ PLEASE READ AND CITE THE FOLLOWING REFERENCE ++++
U. Essmann, L. Perera, M. L. Berkowitz, T. Darden, H. Lee and L. G. Pedersen 
A smooth particle mesh Ewald method
J. Chem. Phys. 103 (1995) pp. 8577-8592
-------- -------- --- Thank You --- -------- --------

Will do ordinary reciprocal space Ewald sum.
Using a Gaussian width (1/beta) of 0.320163 nm for Ewald
Will do PME sum in reciprocal space for LJ dispersion interactions.

++++ PLEASE READ AND CITE THE FOLLOWING REFERENCE ++++
U. Essmann, L. Perera, M. L. Berkowitz, T. Darden, H. Lee and L. G. Pedersen 
A smooth particle mesh Ewald method
J. Chem. Phys. 103 (1995) pp. 8577-8592
-------- -------- --- Thank You --- -------- --------

Using a Gaussian width (1/beta) of 0.298423 nm for LJ Ewald
Using shifted Lennard-Jones, switch between 0 and 1 nm
Cut-off's:   NS: 1.041   Coulomb: 1   LJ: 1
System total charge: -0.000
Generated table with 4082 data points for Ewald.
Tabscale = 2000 points/nm
Generated table with 4082 data points for LJ6Ewald.
Tabscale = 2000 points/nm
Generated table with 4082 data points for LJ12.
Tabscale = 2000 points/nm
Generated table with 4082 data points for 1-4 COUL.
Tabscale = 2000 points/nm
Generated table with 4082 data points for 1-4 LJ6.
Tabscale = 2000 points/nm
Generated table with 4082 data points for 1-4 LJ12.
Tabscale = 2000 points/nm

Using AVX_256 4x4 non-bonded kernels

Potential shift: LJ r^-12: -1.000e+00 r^-6: -1.000e-03, Ewald -1.000e-05
Initialized non-bonded Ewald correction tables, spacing: 9.33e-04 size: 2189

Removing pbc first time

Non-default thread affinity set probably by the OpenMP library,
disabling internal thread affinity

Initializing Parallel LINear Constraint Solver

++++ PLEASE READ AND CITE THE FOLLOWING REFERENCE ++++
B. Hess
P-LINCS: A Parallel Linear Constraint Solver for molecular simulation
J. Chem. Theory Comput. 4 (2008) pp. 116-122
-------- -------- --- Thank You --- -------- --------

The number of constraints is 323
There are inter charge-group constraints,
will communicate selected coordinates each lincs iteration

++++ PLEASE READ AND CITE THE FOLLOWING REFERENCE ++++
S. Miyamoto and P. A. Kollman
SETTLE: An Analytical Version of the SHAKE and RATTLE Algorithms for Rigid
Water Models
J. Comp. Chem. 13 (1992) pp. 952-962
-------- -------- --- Thank You --- -------- --------


Linking all bonded interactions to atoms
There are 16866 inter charge-group exclusions,
will use an extra communication step for exclusion forces for PME

The initial number of communication pulses is: X 2 Y 1
The initial domain decomposition cell size is: X 1.00 nm Y 1.67 nm

The maximum allowed distance for charge groups involved in interactions is:
                 non-bonded interactions           1.041 nm
            two-body bonded interactions  (-rdd)   1.041 nm
          multi-body bonded interactions  (-rdd)   1.000 nm
  atoms separated by up to 5 constraints  (-rcon)  1.000 nm

When dynamic load balancing gets turned on, these settings will change to:
The maximum number of communication pulses is: X 2 Y 2
The minimum size for domain decomposition cells is 0.710 nm
The requested allowed shrink of DD cells (option -dds) is: 0.80
The allowed shrink of domain decomposition cells is: X 0.71 Y 0.43
The maximum allowed distance for charge groups involved in interactions is:
                 non-bonded interactions           1.041 nm
            two-body bonded interactions  (-rdd)   1.041 nm
          multi-body bonded interactions  (-rdd)   0.710 nm
  atoms separated by up to 5 constraints  (-rcon)  0.710 nm


Making 2D domain decomposition grid 5 x 3 x 1, home cell index 0 0 0

Center of mass motion removal mode is Linear
We have the following groups for center of mass motion removal:
  0:  rest

++++ PLEASE READ AND CITE THE FOLLOWING REFERENCE ++++
G. Bussi, D. Donadio and M. Parrinello
Canonical sampling through velocity rescaling
J. Chem. Phys. 126 (2007) pp. 014101
-------- -------- --- Thank You --- -------- --------

There are: 14100 Atoms
Charge group distribution at step 0: 1060 965 986 942 892 895 966 979 879 933 908 899 999 885 912

Constraining the starting coordinates (step 0)

Constraining the coordinates at t0-dt (step 0)
RMS relative constraint deviation after constraining: 0.00e+00
Initial temperature: 357.577 K

Started mdrun on rank 0 Thu Jun  9 16:15:43 2016
           Step           Time         Lambda
              0        0.00000        0.00000

   Energies (kJ/mol)
           Bond          Angle    Proper Dih.  Improper Dih.          LJ-14
    1.08865e+02    5.53910e+02    1.66193e+03    3.03503e+01    5.63376e+02
     Coulomb-14        LJ (SR)   Coulomb (SR)   Coul. recip.      LJ recip.
    1.06706e+04    5.77647e+04   -2.68759e+05    1.26161e+03   -1.69696e+04
      Potential    Kinetic En.   Total Energy  Conserved En.    Temperature
   -2.13113e+05    4.23990e+04   -1.70714e+05   -1.70714e+05    3.57727e+02
 Pressure (bar)   Constr. rmsd
    5.24637e+03    2.84915e-06

DD  step 19 load imb.: force 11.2%  pme mesh/force 0.731

At step 20 the performance loss due to force load imbalance is 6.1 %

NOTE: Turning on dynamic load balancing

DD  step 4999  vol min/aver 0.855  load imb.: force  1.9%  pme mesh/force 0.657

           Step           Time         Lambda
           5000       10.00000        0.00000

   Energies (kJ/mol)
           Bond          Angle    Proper Dih.  Improper Dih.          LJ-14
    4.52242e+02    1.42925e+03    1.64984e+03    7.31504e+01    5.73353e+02
     Coulomb-14        LJ (SR)   Coulomb (SR)   Coul. recip.      LJ recip.
    1.06849e+04    4.48217e+04   -2.27765e+05    1.28194e+03   -1.68086e+04
      Potential    Kinetic En.   Total Energy  Conserved En.    Temperature
   -1.83607e+05    4.01802e+04   -1.43427e+05   -1.70313e+05    3.39007e+02
 Pressure (bar)   Constr. rmsd
    4.47610e+03    2.23007e-06

DD  step 9999  vol min/aver 0.865  load imb.: force  1.1%  pme mesh/force 0.660

           Step           Time         Lambda
          10000       20.00000        0.00000

Writing checkpoint, step 10000 at Thu Jun  9 16:16:31 2016


   Energies (kJ/mol)
           Bond          Angle    Proper Dih.  Improper Dih.          LJ-14
    5.37112e+02    1.50340e+03    1.63661e+03    5.98172e+01    5.86419e+02
     Coulomb-14        LJ (SR)   Coulomb (SR)   Coul. recip.      LJ recip.
    1.06854e+04    4.40990e+04   -2.24753e+05    1.34261e+03   -1.68185e+04
      Potential    Kinetic En.   Total Energy  Conserved En.    Temperature
   -1.81121e+05    4.18116e+04   -1.39309e+05   -1.70287e+05    3.52771e+02
 Pressure (bar)   Constr. rmsd
    4.82868e+03    3.31641e-06

	<======  ###############  ==>
	<====  A V E R A G E S  ====>
	<==  ###############  ======>

	Statistics over 10001 steps using 101 frames

   Energies (kJ/mol)
           Bond          Angle    Proper Dih.  Improper Dih.          LJ-14
    4.69580e+02    1.30444e+03    1.64960e+03    7.32570e+01    5.79229e+02
     Coulomb-14        LJ (SR)   Coulomb (SR)   Coul. recip.      LJ recip.
    1.06919e+04    4.58453e+04   -2.30749e+05    1.25204e+03   -1.68069e+04
      Potential    Kinetic En.   Total Energy  Conserved En.    Temperature
   -1.85690e+05    3.89846e+04   -1.46706e+05   -1.70318e+05    3.28919e+02
 Pressure (bar)   Constr. rmsd
    4.51888e+03    0.00000e+00

   Total Virial (kJ/mol)
   -3.93393e+03    3.75563e+01   -1.00444e+02
    3.75563e+01   -4.05908e+03    5.46976e+01
   -1.00444e+02    5.46976e+01   -4.04736e+03

   Pressure (bar)
    4.49991e+03   -1.14968e+01    2.88942e+01
   -1.14968e+01    4.52510e+03   -8.52789e+00
    2.88942e+01   -8.52789e+00    4.53164e+03


	M E G A - F L O P S   A C C O U N T I N G

 NB=Group-cutoff nonbonded kernels    NxN=N-by-N cluster Verlet kernels
 RF=Reaction-Field  VdW=Van der Waals  QSTab=quadratic-spline table
 W3=SPC/TIP3p  W4=TIP4p (single or pairs)
 V&F=Potential and force  V=Potential only  F=Force only

 Computing:                               M-Number         M-Flops  % Flops
-----------------------------------------------------------------------------
 Pair Search distance check            2525.774546       22731.971     0.5
 NxN QSTab Elec. + LJ [F]             35372.478776     2723680.866    56.5
 NxN QSTab Elec. + LJ [V&F]             360.787456       33192.446     0.7
 NxN QSTab Elec. [F]                  31444.528520     1069113.970    22.2
 NxN QSTab Elec. [V&F]                  320.772864       13151.687     0.3
 1,4 nonbonded interactions              16.321632        1468.947     0.0
 Calc Weights                           423.042300       15229.523     0.3
 Spread Q Bspline                     18049.804800       36099.610     0.7
 Gather F Bspline                     18049.804800      108298.829     2.2
 3D-FFT                               96192.898328      769543.187    16.0
 Solve PME                               54.085408        3461.466     0.1
 Reset In Box                             7.064100          21.192     0.0
 CG-CoM                                   7.078200          21.235     0.0
 Bonds                                    3.040304         179.378     0.0
 Angles                                  11.431143        1920.432     0.0
 Propers                                 17.731773        4060.576     0.1
 Impropers                                1.140114         237.144     0.0
 Virial                                   1.492275          26.861     0.0
 Stop-CM                                  1.438200          14.382     0.0
 Calc-Ekin                               14.128200         381.461     0.0
 Lincs                                    3.777878         226.673     0.0
 Lincs-Mat                               23.460948          93.844     0.0
 Constraint-V                           160.507553        1284.060     0.0
 Constraint-Vir                           1.582341          37.976     0.0
 Settle                                  50.989296       16469.543     0.3
-----------------------------------------------------------------------------
 Total                                                 4820947.257   100.0
-----------------------------------------------------------------------------


    D O M A I N   D E C O M P O S I T I O N   S T A T I S T I C S

 av. #atoms communicated per step for force:  2 x 30824.9
 av. #atoms communicated per step for LINCS:  2 x 1948.5

 Average load imbalance: 2.0 %
 Part of the total run time spent waiting due to load imbalance: 1.7 %
 Steps where the load balancing was limited by -rdd, -rcon and/or -dds: X 0 % Y 0 %
 Average PME mesh/force load: 0.656
 Part of the total run time spent waiting due to PP/PME imbalance: 8.0 %

NOTE: 8.0 % performance was lost because the PME ranks
      had less work to do than the PP ranks.
      You might want to decrease the number of PME ranks
      or decrease the cut-off and the grid spacing.


     R E A L   C Y C L E   A N D   T I M E   A C C O U N T I N G

On 15 MPI ranks doing PP, and
on 5 MPI ranks doing PME

 Computing:          Num   Num      Call    Wall time         Giga-Cycles
                     Ranks Threads  Count      (s)         total sum    %
-----------------------------------------------------------------------------
 Domain decomp.        15    1        501       0.400         16.795   0.6
 DD comm. load         15    1        500       0.002          0.079   0.0
 DD comm. bounds       15    1        500       0.006          0.258   0.0
 Send X to PME         15    1      10001       0.085          3.588   0.1
 Neighbor search       15    1        501       0.914         38.386   1.4
 Comm. coord.          15    1       9500       0.329         13.829   0.5
 Force                 15    1      10001      43.493       1826.735  68.0
 Wait + Comm. F        15    1      10001       0.940         39.472   1.5
 PME mesh *             5    1      10001      29.352        410.926  15.3
 PME wait for PP *                             18.624        260.733   9.7
 Wait + Recv. PME F    15    1      10001       0.106          4.457   0.2
 NB X/F buffer ops.    15    1      29001       0.219          9.219   0.3
 Write traj.           15    1          1       0.005          0.200   0.0
 Update                15    1      10001       0.088          3.707   0.1
 Constraints           15    1      10001       1.298         54.512   2.0
 Comm. energies        15    1        501       0.042          1.769   0.1
 Rest                                           0.075          3.171   0.1
-----------------------------------------------------------------------------
 Total                                         48.004       2688.236 100.0
-----------------------------------------------------------------------------
(*) Note that with separate PME ranks, the walltime column actually sums to
    twice the total reported, but the cycle count total and % are correct.
-----------------------------------------------------------------------------
 Breakdown of PME mesh computation
-----------------------------------------------------------------------------
 PME redist. X/F        5    1      30003       0.991         13.876   0.5
 PME spread/gather      5    1      40004       8.809        123.325   4.6
 PME 3D-FFT             5    1      40004      11.906        166.679   6.2
 PME 3D-FFT Comm.       5    1      40004       2.929         41.005   1.5
 PME solve LJ           5    1      10001       3.564         49.902   1.9
 PME solve Elec         5    1      10001       1.107         15.499   0.6
-----------------------------------------------------------------------------

               Core t (s)   Wall t (s)        (%)
       Time:      960.392       48.004     2000.7
                 (ns/day)    (hour/ns)
Performance:       36.001        0.667
Finished mdrun on rank 0 Thu Jun  9 16:16:31 2016
