Log file opened on Thu Jun  9 16:58:38 2016
Host: smic025  pid: 69538  rank ID: 0  number of ranks:  60
GROMACS:    gmx mdrun, VERSION 5.0.7 (double precision)

GROMACS is written by:
Emile Apol         Rossen Apostolov   Herman J.C. Berendsen Par Bjelkmar       
Aldert van Buuren  Rudi van Drunen    Anton Feenstra     Sebastian Fritsch  
Gerrit Groenhof    Christoph Junghans Peter Kasson       Carsten Kutzner    
Per Larsson        Justin A. Lemkul   Magnus Lundborg    Pieter Meulenhoff  
Erik Marklund      Teemu Murtola      Szilard Pall       Sander Pronk       
Roland Schulz      Alexey Shvetsov    Michael Shirts     Alfons Sijbers     
Peter Tieleman     Christian Wennberg Maarten Wolf       
and the project leaders:
Mark Abraham, Berk Hess, Erik Lindahl, and David van der Spoel

Copyright (c) 1991-2000, University of Groningen, The Netherlands.
Copyright (c) 2001-2014, The GROMACS development team at
Uppsala University, Stockholm University and
the Royal Institute of Technology, Sweden.
check out http://www.gromacs.org for more information.

GROMACS is free software; you can redistribute it and/or modify it
under the terms of the GNU Lesser General Public License
as published by the Free Software Foundation; either version 2.1
of the License, or (at your option) any later version.

GROMACS:      gmx mdrun, VERSION 5.0.7 (double precision)
Executable:   /usr/local/packages/gromacs/5.0.7/INTEL-140-OPENMPI-1.8.4/bin/gmx_mpi_d
Library dir:  /usr/local/packages/gromacs/5.0.7/INTEL-140-OPENMPI-1.8.4/share/gromacs/top
Command line:
  mdrun_mpi_d

Gromacs version:    VERSION 5.0.7
Precision:          double
Memory model:       64 bit
MPI library:        MPI
OpenMP support:     enabled
GPU support:        disabled
invsqrt routine:    gmx_software_invsqrt(x)
SIMD instructions:  AVX_256
FFT library:        fftw-3.3.3-sse2
RDTSCP usage:       enabled
C++11 compilation:  disabled
TNG support:        enabled
Tracing support:    disabled
Built on:           Fri Apr 22 10:10:19 CDT 2016
Built by:           wfeinste@smic335 [CMAKE]
Build OS/arch:      Linux 2.6.32-358.23.2.el6.x86_64 x86_64
Build CPU vendor:   GenuineIntel
Build CPU brand:    Intel(R) Xeon(R) CPU E5-2680 v2 @ 2.80GHz
Build CPU family:   6   Model: 62   Stepping: 4
Build CPU features: aes apic avx clfsh cmov cx8 cx16 f16c htt lahf_lm mmx msr nonstop_tsc pcid pclmuldq pdcm pdpe1gb popcnt pse rdrnd rdtscp sse2 sse3 sse4.1 sse4.2 ssse3 tdt x2apic
C compiler:         /usr/local/packages/openmpi/1.8.4/INTEL-14.0.2/bin/mpicc Intel 14.0.0.20140120
C compiler flags:    -mavx    -std=gnu99 -w3 -wd111 -wd177 -wd181 -wd193 -wd271 -wd304 -wd383 -wd424 -wd444 -wd522 -wd593 -wd869 -wd981 -wd1418 -wd1419 -wd1572 -wd1599 -wd2259 -wd2415 -wd2547 -wd2557 -wd3280 -wd3346 -wd11074 -wd11076  -O3 -DNDEBUG -ip -funroll-all-loops -alias-const -ansi-alias  
C++ compiler:       /usr/local/packages/openmpi/1.8.4/INTEL-14.0.2/bin/mpicxx Intel 14.0.0.20140120
C++ compiler flags:  -mavx   -O3 -mavx -w3 -wd111 -wd177 -wd181 -wd193 -wd271 -wd304 -wd383 -wd424 -wd444 -wd522 -wd593 -wd869 -wd981 -wd1418 -wd1419 -wd1572 -wd1599 -wd2259 -wd2415 -wd2547 -wd2557 -wd3280 -wd3346 -wd11074 -wd11076 -wd1782 -wd2282  -O3 -DNDEBUG -ip -funroll-all-loops -alias-const -ansi-alias  
Boost version:      1.55.0 (internal)



++++ PLEASE READ AND CITE THE FOLLOWING REFERENCE ++++
M. J. Abraham, T. Murtola, R. Schulz, S. Páll, J. C. Smith, B. Hess, E.
Lindahl
GROMACS: High performance molecular simulations through multi-level
parallelism from laptops to supercomputers
SoftwareX 1 (2015) pp. 19-25
-------- -------- --- Thank You --- -------- --------


++++ PLEASE READ AND CITE THE FOLLOWING REFERENCE ++++
S. Páll, M. J. Abraham, C. Kutzner, B. Hess, E. Lindahl
Tackling Exascale Software Challenges in Molecular Dynamics Simulations with
GROMACS
In S. Markidis & E. Laure (Eds.), Solving Software Challenges for Exascale 8759 (2015) pp. 3-27
-------- -------- --- Thank You --- -------- --------


++++ PLEASE READ AND CITE THE FOLLOWING REFERENCE ++++
S. Pronk, S. Páll, R. Schulz, P. Larsson, P. Bjelkmar, R. Apostolov, M. R.
Shirts, J. C. Smith, P. M. Kasson, D. van der Spoel, B. Hess, and E. Lindahl
GROMACS 4.5: a high-throughput and highly parallel open source molecular
simulation toolkit
Bioinformatics 29 (2013) pp. 845-54
-------- -------- --- Thank You --- -------- --------


++++ PLEASE READ AND CITE THE FOLLOWING REFERENCE ++++
B. Hess and C. Kutzner and D. van der Spoel and E. Lindahl
GROMACS 4: Algorithms for highly efficient, load-balanced, and scalable
molecular simulation
J. Chem. Theory Comput. 4 (2008) pp. 435-447
-------- -------- --- Thank You --- -------- --------


++++ PLEASE READ AND CITE THE FOLLOWING REFERENCE ++++
D. van der Spoel, E. Lindahl, B. Hess, G. Groenhof, A. E. Mark and H. J. C.
Berendsen
GROMACS: Fast, Flexible and Free
J. Comp. Chem. 26 (2005) pp. 1701-1719
-------- -------- --- Thank You --- -------- --------


++++ PLEASE READ AND CITE THE FOLLOWING REFERENCE ++++
E. Lindahl and B. Hess and D. van der Spoel
GROMACS 3.0: A package for molecular simulation and trajectory analysis
J. Mol. Mod. 7 (2001) pp. 306-317
-------- -------- --- Thank You --- -------- --------


++++ PLEASE READ AND CITE THE FOLLOWING REFERENCE ++++
H. J. C. Berendsen, D. van der Spoel and R. van Drunen
GROMACS: A message-passing parallel molecular dynamics implementation
Comp. Phys. Comm. 91 (1995) pp. 43-56
-------- -------- --- Thank You --- -------- --------


Number of hardware threads detected (20) does not match the number reported by OpenMP (1).
Consider setting the launch configuration manually!
Input Parameters:
   integrator                     = md
   tinit                          = 0
   dt                             = 0.002
   nsteps                         = 10000
   init-step                      = 0
   simulation-part                = 1
   comm-mode                      = Linear
   nstcomm                        = 100
   bd-fric                        = 0
   ld-seed                        = 4250810013
   emtol                          = 10
   emstep                         = 0.01
   niter                          = 20
   fcstep                         = 0
   nstcgsteep                     = 1000
   nbfgscorr                      = 10
   rtpi                           = 0.05
   nstxout                        = 0
   nstvout                        = 0
   nstfout                        = 0
   nstlog                         = 5000
   nstcalcenergy                  = 100
   nstenergy                      = 0
   nstxout-compressed             = 0
   compressed-x-precision         = 1000
   cutoff-scheme                  = Verlet
   nstlist                        = 20
   ns-type                        = Grid
   pbc                            = xyz
   periodic-molecules             = FALSE
   verlet-buffer-tolerance        = 0.005
   rlist                          = 1.041
   rlistlong                      = 1.041
   nstcalclr                      = 20
   coulombtype                    = PME
   coulomb-modifier               = Potential-shift
   rcoulomb-switch                = 0
   rcoulomb                       = 1
   epsilon-r                      = 1
   epsilon-rf                     = inf
   vdw-type                       = PME
   vdw-modifier                   = Potential-shift
   rvdw-switch                    = 0
   rvdw                           = 1
   DispCorr                       = No
   table-extension                = 1
   fourierspacing                 = 0.1
   fourier-nx                     = 52
   fourier-ny                     = 52
   fourier-nz                     = 52
   pme-order                      = 4
   ewald-rtol                     = 1e-05
   ewald-rtol-lj                  = 0.001
   lj-pme-comb-rule               = Geometric
   ewald-geometry                 = 0
   epsilon-surface                = 0
   implicit-solvent               = No
   gb-algorithm                   = Still
   nstgbradii                     = 1
   rgbradii                       = 1
   gb-epsilon-solvent             = 80
   gb-saltconc                    = 0
   gb-obc-alpha                   = 1
   gb-obc-beta                    = 0.8
   gb-obc-gamma                   = 4.85
   gb-dielectric-offset           = 0.009
   sa-algorithm                   = Ace-approximation
   sa-surface-tension             = 2.05016
   tcoupl                         = V-rescale
   nsttcouple                     = 20
   nh-chain-length                = 0
   print-nose-hoover-chain-variables = FALSE
   pcoupl                         = No
   pcoupltype                     = Isotropic
   nstpcouple                     = -1
   tau-p                          = 1
   compressibility (3x3):
      compressibility[    0]={ 0.00000e+00,  0.00000e+00,  0.00000e+00}
      compressibility[    1]={ 0.00000e+00,  0.00000e+00,  0.00000e+00}
      compressibility[    2]={ 0.00000e+00,  0.00000e+00,  0.00000e+00}
   ref-p (3x3):
      ref-p[    0]={ 0.00000e+00,  0.00000e+00,  0.00000e+00}
      ref-p[    1]={ 0.00000e+00,  0.00000e+00,  0.00000e+00}
      ref-p[    2]={ 0.00000e+00,  0.00000e+00,  0.00000e+00}
   refcoord-scaling               = No
   posres-com (3):
      posres-com[0]= 0.00000e+00
      posres-com[1]= 0.00000e+00
      posres-com[2]= 0.00000e+00
   posres-comB (3):
      posres-comB[0]= 0.00000e+00
      posres-comB[1]= 0.00000e+00
      posres-comB[2]= 0.00000e+00
   QMMM                           = FALSE
   QMconstraints                  = 0
   QMMMscheme                     = 0
   MMChargeScaleFactor            = 1
qm-opts:
   ngQM                           = 0
   constraint-algorithm           = Lincs
   continuation                   = FALSE
   Shake-SOR                      = FALSE
   shake-tol                      = 0.0001
   lincs-order                    = 4
   lincs-iter                     = 1
   lincs-warnangle                = 30
   nwall                          = 0
   wall-type                      = 9-3
   wall-r-linpot                  = -1
   wall-atomtype[0]               = -1
   wall-atomtype[1]               = -1
   wall-density[0]                = 0
   wall-density[1]                = 0
   wall-ewald-zfac                = 3
   pull                           = no
   rotation                       = FALSE
   interactiveMD                  = FALSE
   disre                          = No
   disre-weighting                = Conservative
   disre-mixed                    = FALSE
   dr-fc                          = 1000
   dr-tau                         = 0
   nstdisreout                    = 100
   orire-fc                       = 0
   orire-tau                      = 0
   nstorireout                    = 100
   free-energy                    = no
   cos-acceleration               = 0
   deform (3x3):
      deform[    0]={ 0.00000e+00,  0.00000e+00,  0.00000e+00}
      deform[    1]={ 0.00000e+00,  0.00000e+00,  0.00000e+00}
      deform[    2]={ 0.00000e+00,  0.00000e+00,  0.00000e+00}
   simulated-tempering            = FALSE
   E-x:
      n = 0
   E-xt:
      n = 0
   E-y:
      n = 0
   E-yt:
      n = 0
   E-z:
      n = 0
   E-zt:
      n = 0
   swapcoords                     = no
   adress                         = FALSE
   userint1                       = 0
   userint2                       = 0
   userint3                       = 0
   userint4                       = 0
   userreal1                      = 0
   userreal2                      = 0
   userreal3                      = 0
   userreal4                      = 0
grpopts:
   nrdf:       28510
   ref-t:         355
   tau-t:           2
annealing:          No
annealing-npoints:           0
   acc:	           0           0           0
   nfreeze:           N           N           N
   energygrp-flags[  0]: 0

Initializing Domain Decomposition on 60 ranks
Dynamic load balancing: auto
Will sort the charge groups at every domain (re)decomposition
Initial maximum inter charge-group distances:
    two-body bonded interactions: 0.420 nm, LJ-14, atoms 197 205
  multi-body bonded interactions: 0.420 nm, Proper Dih., atoms 197 205
Minimum cell size due to bonded interactions: 0.462 nm
Maximum distance for 5 constraints, at 120 deg. angles, all-trans: 0.218 nm
Estimated maximum distance required for P-LINCS: 0.218 nm
Guess for relative PME load: 0.25
Will use 45 particle-particle and 15 PME only ranks
This is a guess, check the performance at the end of the log file
Using 15 separate PME ranks, as guessed by mdrun
Scaling the initial minimum size with 1/0.8 (option -dds) = 1.25
Optimizing the DD grid for 45 cells with a minimum initial size of 0.578 nm
The maximum allowed number of cells is: X 8 Y 8 Z 8
Domain decomposition grid 5 x 3 x 3, separate PME ranks 15
PME domain decomposition: 5 x 3 x 1
Interleaving PP and PME ranks
This rank does only particle-particle work.

Domain decomposition rank 0, coordinates 0 0 0

Using two step summing over 3 groups of on average 15.0 ranks

Using 60 MPI processes
Using 1 OpenMP thread per MPI process

Detecting CPU SIMD instructions.
Present hardware specification:
Vendor: GenuineIntel
Brand:  Intel(R) Xeon(R) CPU E5-2680 v2 @ 2.80GHz
Family:  6  Model: 62  Stepping:  4
Features: aes apic avx clfsh cmov cx8 cx16 f16c htt lahf_lm mmx msr nonstop_tsc pcid pclmuldq pdcm pdpe1gb popcnt pse rdrnd rdtscp sse2 sse3 sse4.1 sse4.2 ssse3 tdt x2apic
SIMD instructions most likely to fit this hardware: AVX_256
SIMD instructions selected at GROMACS compile time: AVX_256

Will do PME sum in reciprocal space for electrostatic interactions.

++++ PLEASE READ AND CITE THE FOLLOWING REFERENCE ++++
U. Essmann, L. Perera, M. L. Berkowitz, T. Darden, H. Lee and L. G. Pedersen 
A smooth particle mesh Ewald method
J. Chem. Phys. 103 (1995) pp. 8577-8592
-------- -------- --- Thank You --- -------- --------

Will do ordinary reciprocal space Ewald sum.
Using a Gaussian width (1/beta) of 0.320163 nm for Ewald
Will do PME sum in reciprocal space for LJ dispersion interactions.

++++ PLEASE READ AND CITE THE FOLLOWING REFERENCE ++++
U. Essmann, L. Perera, M. L. Berkowitz, T. Darden, H. Lee and L. G. Pedersen 
A smooth particle mesh Ewald method
J. Chem. Phys. 103 (1995) pp. 8577-8592
-------- -------- --- Thank You --- -------- --------

Using a Gaussian width (1/beta) of 0.298423 nm for LJ Ewald
Using shifted Lennard-Jones, switch between 0 and 1 nm
Cut-off's:   NS: 1.041   Coulomb: 1   LJ: 1
System total charge: -0.000
Generated table with 4082 data points for Ewald.
Tabscale = 2000 points/nm
Generated table with 4082 data points for LJ6Ewald.
Tabscale = 2000 points/nm
Generated table with 4082 data points for LJ12.
Tabscale = 2000 points/nm
Generated table with 4082 data points for 1-4 COUL.
Tabscale = 2000 points/nm
Generated table with 4082 data points for 1-4 LJ6.
Tabscale = 2000 points/nm
Generated table with 4082 data points for 1-4 LJ12.
Tabscale = 2000 points/nm

Using AVX_256 4x4 non-bonded kernels

Potential shift: LJ r^-12: -1.000e+00 r^-6: -1.000e-03, Ewald -1.000e-05
Initialized non-bonded Ewald correction tables, spacing: 9.33e-04 size: 2189

Removing pbc first time

Non-default thread affinity set probably by the OpenMP library,
disabling internal thread affinity

Initializing Parallel LINear Constraint Solver

++++ PLEASE READ AND CITE THE FOLLOWING REFERENCE ++++
B. Hess
P-LINCS: A Parallel Linear Constraint Solver for molecular simulation
J. Chem. Theory Comput. 4 (2008) pp. 116-122
-------- -------- --- Thank You --- -------- --------

The number of constraints is 323
There are inter charge-group constraints,
will communicate selected coordinates each lincs iteration

++++ PLEASE READ AND CITE THE FOLLOWING REFERENCE ++++
S. Miyamoto and P. A. Kollman
SETTLE: An Analytical Version of the SHAKE and RATTLE Algorithms for Rigid
Water Models
J. Comp. Chem. 13 (1992) pp. 952-962
-------- -------- --- Thank You --- -------- --------


Linking all bonded interactions to atoms
There are 16866 inter charge-group exclusions,
will use an extra communication step for exclusion forces for PME

The initial number of communication pulses is: X 2 Y 1 Z 1
The initial domain decomposition cell size is: X 1.00 nm Y 1.67 nm Z 1.67 nm

The maximum allowed distance for charge groups involved in interactions is:
                 non-bonded interactions           1.041 nm
            two-body bonded interactions  (-rdd)   1.041 nm
          multi-body bonded interactions  (-rdd)   1.000 nm
  atoms separated by up to 5 constraints  (-rcon)  1.000 nm

When dynamic load balancing gets turned on, these settings will change to:
The maximum number of communication pulses is: X 2 Y 2 Z 2
The minimum size for domain decomposition cells is 0.710 nm
The requested allowed shrink of DD cells (option -dds) is: 0.80
The allowed shrink of domain decomposition cells is: X 0.71 Y 0.43 Z 0.43
The maximum allowed distance for charge groups involved in interactions is:
                 non-bonded interactions           1.041 nm
            two-body bonded interactions  (-rdd)   1.041 nm
          multi-body bonded interactions  (-rdd)   0.710 nm
  atoms separated by up to 5 constraints  (-rcon)  0.710 nm


Making 3D domain decomposition grid 5 x 3 x 3, home cell index 0 0 0

Center of mass motion removal mode is Linear
We have the following groups for center of mass motion removal:
  0:  rest

++++ PLEASE READ AND CITE THE FOLLOWING REFERENCE ++++
G. Bussi, D. Donadio and M. Parrinello
Canonical sampling through velocity rescaling
J. Chem. Phys. 126 (2007) pp. 014101
-------- -------- --- Thank You --- -------- --------

There are: 14100 Atoms
Charge group distribution at step 0: 349 359 352 319 319 327 336 325 325 327 308 307 296 302 294 310 294 291 315 331 320 293 370 316 287 306 286 325 306 302 306 313 289 317 288 294 337 332 330 307 289 289 316 299 297

Constraining the starting coordinates (step 0)

Constraining the coordinates at t0-dt (step 0)
RMS relative constraint deviation after constraining: 0.00e+00
Initial temperature: 355.554 K

Started mdrun on rank 0 Thu Jun  9 16:58:39 2016
           Step           Time         Lambda
              0        0.00000        0.00000

   Energies (kJ/mol)
           Bond          Angle    Proper Dih.  Improper Dih.          LJ-14
    1.08865e+02    5.53910e+02    1.66193e+03    3.03503e+01    5.63376e+02
     Coulomb-14        LJ (SR)   Coulomb (SR)   Coul. recip.      LJ recip.
    1.06706e+04    5.77647e+04   -2.68759e+05    1.26161e+03   -1.69696e+04
      Potential    Kinetic En.   Total Energy  Conserved En.    Temperature
   -2.13113e+05    4.21565e+04   -1.70957e+05   -1.70957e+05    3.55681e+02
 Pressure (bar)   Constr. rmsd
    5.24258e+03    3.66795e-06

DD  step 19 load imb.: force 42.2%  pme mesh/force 0.800

At step 20 the performance loss due to force load imbalance is 22.2 %

NOTE: Turning on dynamic load balancing

step  120: timed with pme grid 52 52 52, coulomb cutoff 1.000: 82.2 M-cycles
step  160: timed with pme grid 44 44 44, coulomb cutoff 1.136: 108.2 M-cycles
step  200: timed with pme grid 52 52 52, coulomb cutoff 1.000: 81.2 M-cycles
step  240: timed with pme grid 48 48 48, coulomb cutoff 1.042: 87.1 M-cycles
              optimal pme grid 52 52 52, coulomb cutoff 1.000
DD  step 4999  vol min/aver 0.701  load imb.: force  4.7%  pme mesh/force 0.963

           Step           Time         Lambda
           5000       10.00000        0.00000

   Energies (kJ/mol)
           Bond          Angle    Proper Dih.  Improper Dih.          LJ-14
    4.57253e+02    1.37389e+03    1.67429e+03    7.33384e+01    5.71103e+02
     Coulomb-14        LJ (SR)   Coulomb (SR)   Coul. recip.      LJ recip.
    1.07014e+04    4.50168e+04   -2.28085e+05    1.26361e+03   -1.68031e+04
      Potential    Kinetic En.   Total Energy  Conserved En.    Temperature
   -1.83756e+05    4.02495e+04   -1.43506e+05   -1.70554e+05    3.39591e+02
 Pressure (bar)   Constr. rmsd
    4.59492e+03    3.05332e-06

DD  step 9999  vol min/aver 0.689  load imb.: force  3.6%  pme mesh/force 0.967

           Step           Time         Lambda
          10000       20.00000        0.00000

Writing checkpoint, step 10000 at Thu Jun  9 16:58:58 2016


   Energies (kJ/mol)
           Bond          Angle    Proper Dih.  Improper Dih.          LJ-14
    4.85846e+02    1.43796e+03    1.77806e+03    7.95699e+01    5.99627e+02
     Coulomb-14        LJ (SR)   Coulomb (SR)   Coul. recip.      LJ recip.
    1.07747e+04    4.40025e+04   -2.24839e+05    1.34233e+03   -1.68080e+04
      Potential    Kinetic En.   Total Energy  Conserved En.    Temperature
   -1.81146e+05    4.19916e+04   -1.39155e+05   -1.70520e+05    3.54289e+02
 Pressure (bar)   Constr. rmsd
    4.74480e+03    3.87627e-06

	<======  ###############  ==>
	<====  A V E R A G E S  ====>
	<==  ###############  ======>

	Statistics over 10001 steps using 101 frames

   Energies (kJ/mol)
           Bond          Angle    Proper Dih.  Improper Dih.          LJ-14
    4.68212e+02    1.31539e+03    1.68095e+03    7.61212e+01    5.81833e+02
     Coulomb-14        LJ (SR)   Coulomb (SR)   Coul. recip.      LJ recip.
    1.07161e+04    4.57778e+04   -2.30700e+05    1.24137e+03   -1.67861e+04
      Potential    Kinetic En.   Total Energy  Conserved En.    Temperature
   -1.85629e+05    3.90236e+04   -1.46605e+05   -1.70558e+05    3.29248e+02
 Pressure (bar)   Constr. rmsd
    4.50738e+03    0.00000e+00

   Total Virial (kJ/mol)
   -3.82160e+03    1.26786e+02   -9.20838e+01
    1.26786e+02   -4.05314e+03    3.68887e+01
   -9.20838e+01    3.68887e+01   -3.99674e+03

   Pressure (bar)
    4.47632e+03   -3.52413e+01    2.52679e+01
   -3.52413e+01    4.52372e+03   -9.97096e+00
    2.52679e+01   -9.97096e+00    4.52210e+03


	M E G A - F L O P S   A C C O U N T I N G

 NB=Group-cutoff nonbonded kernels    NxN=N-by-N cluster Verlet kernels
 RF=Reaction-Field  VdW=Van der Waals  QSTab=quadratic-spline table
 W3=SPC/TIP3p  W4=TIP4p (single or pairs)
 V&F=Potential and force  V=Potential only  F=Force only

 Computing:                               M-Number         M-Flops  % Flops
-----------------------------------------------------------------------------
 Pair Search distance check            2598.357796       23385.220     0.5
 NxN QSTab Elec. + LJ [F]             37171.487912     2862204.569    56.7
 NxN QSTab Elec. + LJ [V&F]             378.842608       34853.520     0.7
 NxN QSTab Elec. [F]                  33653.762392     1144227.921    22.7
 NxN QSTab Elec. [V&F]                  343.015744       14063.646     0.3
 1,4 nonbonded interactions              16.321632        1468.947     0.0
 Calc Weights                           423.042300       15229.523     0.3
 Spread Q Bspline                     18049.804800       36099.610     0.7
 Gather F Bspline                     18049.804800      108298.829     2.1
 3D-FFT                               95943.131928      767545.055    15.2
 Solve PME                              161.975904       10366.458     0.2
 Reset In Box                             7.064100          21.192     0.0
 CG-CoM                                   7.078200          21.235     0.0
 Bonds                                    3.040304         179.378     0.0
 Angles                                  11.431143        1920.432     0.0
 Propers                                 17.731773        4060.576     0.1
 Impropers                                1.140114         237.144     0.0
 Virial                                   1.628625          29.315     0.0
 Stop-CM                                  1.438200          14.382     0.0
 Calc-Ekin                               14.128200         381.461     0.0
 Lincs                                    3.942822         236.569     0.0
 Lincs-Mat                               24.379668          97.519     0.0
 Constraint-V                           167.707813        1341.663     0.0
 Constraint-Vir                           1.653583          39.686     0.0
 Settle                                  53.279691       17209.340     0.3
-----------------------------------------------------------------------------
 Total                                                 5043533.189   100.0
-----------------------------------------------------------------------------


    D O M A I N   D E C O M P O S I T I O N   S T A T I S T I C S

 av. #atoms communicated per step for force:  2 x 55051.2
 av. #atoms communicated per step for LINCS:  2 x 2741.1

 Average load imbalance: 5.4 %
 Part of the total run time spent waiting due to load imbalance: 4.1 %
 Steps where the load balancing was limited by -rdd, -rcon and/or -dds: X 0 % Y 0 % Z 0 %
 Average PME mesh/force load: 0.945
 Part of the total run time spent waiting due to PP/PME imbalance: 1.2 %


     R E A L   C Y C L E   A N D   T I M E   A C C O U N T I N G

On 45 MPI ranks doing PP, and
on 15 MPI ranks doing PME

 Computing:          Num   Num      Call    Wall time         Giga-Cycles
                     Ranks Threads  Count      (s)         total sum    %
-----------------------------------------------------------------------------
 Domain decomp.        45    1        501       0.438         55.220   1.7
 DD comm. load         45    1        500       0.002          0.237   0.0
 DD comm. bounds       45    1        500       0.015          1.905   0.1
 Send X to PME         45    1      10001       0.030          3.819   0.1
 Neighbor search       45    1        501       0.445         56.083   1.7
 Comm. coord.          45    1       9500       0.635         79.979   2.4
 Force                 45    1      10001      15.409       1941.588  59.2
 Wait + Comm. F        45    1      10001       1.173        147.743   4.5
 PME mesh *            15    1      10001      16.209        680.784  20.8
 PME wait for PP *                              3.317        139.304   4.2
 Wait + Recv. PME F    45    1      10001       0.162         20.448   0.6
 NB X/F buffer ops.    45    1      29001       0.127         15.953   0.5
 Write traj.           45    1          1       0.001          0.143   0.0
 Update                45    1      10001       0.042          5.322   0.2
 Constraints           45    1      10001       0.940        118.434   3.6
 Comm. energies        45    1        501       0.044          5.500   0.2
 Rest                                           0.064          8.085   0.2
-----------------------------------------------------------------------------
 Total                                         19.527       3280.611 100.0
-----------------------------------------------------------------------------
(*) Note that with separate PME ranks, the walltime column actually sums to
    twice the total reported, but the cycle count total and % are correct.
-----------------------------------------------------------------------------
 Breakdown of PME mesh computation
-----------------------------------------------------------------------------
 PME redist. X/F       15    1      30003       1.496         62.820   1.9
 PME spread/gather     15    1      40004       4.454        187.059   5.7
 PME 3D-FFT            15    1      40004       4.065        170.730   5.2
 PME 3D-FFT Comm.      15    1      80008       4.586        192.622   5.9
 PME solve LJ          15    1      10001       1.179         49.517   1.5
 PME solve Elec        15    1      10001       0.389         16.318   0.5
-----------------------------------------------------------------------------

               Core t (s)   Wall t (s)        (%)
       Time:     1171.794       19.527     6000.8
                 (ns/day)    (hour/ns)
Performance:       88.501        0.271
Finished mdrun on rank 0 Thu Jun  9 16:58:58 2016
